This is pdfTeX, Version 3.1415926-1.40.11 (MiKTeX 2.9) (preloaded format=pdflatex 2011.6.16)  16 MAY 2014 22:52
entering extended mode
**C:/Users/Owner/Dropbox/Math/thread.tex
(C:/Users/Owner/Dropbox/Math/thread.tex
LaTeX2e <2009/09/24>
Babel <v3.8l> and hyphenation patterns for english, afrikaans, ancientgreek, ar
abic, armenian, assamese, basque, bengali, bokmal, bulgarian, catalan, coptic, 
croatian, czech, danish, dutch, esperanto, estonian, farsi, finnish, french, ga
lician, german, german-x-2009-06-19, greek, gujarati, hindi, hungarian, iceland
ic, indonesian, interlingua, irish, italian, kannada, kurmanji, lao, latin, lat
vian, lithuanian, malayalam, marathi, mongolian, mongolianlmc, monogreek, ngerm
an, ngerman-x-2009-06-19, nynorsk, oriya, panjabi, pinyin, polish, portuguese, 
romanian, russian, sanskrit, serbian, slovak, slovenian, spanish, swedish, swis
sgerman, tamil, telugu, turkish, turkmen, ukenglish, ukrainian, uppersorbian, u
senglishmax, welsh, loaded.
(C:/Users/Owner/Dropbox/Math/templates/packages_book.tex
("C:\Program Files (x86)\MiKTeX 2.9\tex\latex\base\book.cls"
Document Class: book 2007/10/19 v1.4h Standard LaTeX document class
("C:\Program Files (x86)\MiKTeX 2.9\tex\latex\base\bk12.clo"
File: bk12.clo 2007/10/19 v1.4h Standard LaTeX file (size option)
)
\c@part=\count79
\c@chapter=\count80
\c@section=\count81
\c@subsection=\count82
\c@subsubsection=\count83
\c@paragraph=\count84
\c@subparagraph=\count85
\c@figure=\count86
\c@table=\count87
\abovecaptionskip=\skip41
\belowcaptionskip=\skip42
\bibindent=\dimen102
)
("C:\Program Files (x86)\MiKTeX 2.9\tex\latex\misc\etex.sty"
Package: etex 1998/03/26 v2.0 eTeX basic definition package (PEB)
\et@xins=\count88
)
("C:\Program Files (x86)\MiKTeX 2.9\tex\latex\geometry\geometry.sty"
Package: geometry 2010/09/12 v5.6 Page Geometry

("C:\Program Files (x86)\MiKTeX 2.9\tex\latex\graphics\keyval.sty"
Package: keyval 1999/03/16 v1.13 key=value parser (DPC)
\KV@toks@=\toks14
)
("C:\Program Files (x86)\MiKTeX 2.9\tex\generic\oberdiek\ifpdf.sty"
Package: ifpdf 2011/01/30 v2.3 Provides the ifpdf switch (HO)
Package ifpdf Info: pdfTeX in PDF mode is detected.
)
("C:\Program Files (x86)\MiKTeX 2.9\tex\generic\oberdiek\ifvtex.sty"
Package: ifvtex 2010/03/01 v1.5 Switches for detecting VTeX and its modes (HO)
Package ifvtex Info: VTeX not detected.
)
("C:\Program Files (x86)\MiKTeX 2.9\tex\generic\ifxetex\ifxetex.sty"
Package: ifxetex 2010/09/12 v0.6 Provides ifxetex conditional
)
\Gm@cnth=\count89
\Gm@cntv=\count90
\c@Gm@tempcnt=\count91
\Gm@bindingoffset=\dimen103
\Gm@wd@mp=\dimen104
\Gm@odd@mp=\dimen105
\Gm@even@mp=\dimen106
\Gm@layoutwidth=\dimen107
\Gm@layoutheight=\dimen108
\Gm@layouthoffset=\dimen109
\Gm@layoutvoffset=\dimen110
\Gm@dimlist=\toks15

("C:\Program Files (x86)\MiKTeX 2.9\tex\latex\geometry\geometry.cfg"))
("C:\Program Files (x86)\MiKTeX 2.9\tex\latex\ams\math\amscd.sty"
Package: amscd 1999/11/29 v2.0

("C:\Program Files (x86)\MiKTeX 2.9\tex\latex\ams\math\amsgen.sty"
File: amsgen.sty 1999/11/30 v2.0
\@emptytoks=\toks16
\ex@=\dimen111
)
\athelp@=\toks17
\minaw@=\dimen112
\bigaw@=\dimen113
\minCDarrowwidth=\dimen114
)
("C:\Program Files (x86)\MiKTeX 2.9\tex\latex\ams\math\amsmath.sty"
Package: amsmath 2000/07/18 v2.13 AMS math features
\@mathmargin=\skip43

For additional information on amsmath, use the `?' option.
("C:\Program Files (x86)\MiKTeX 2.9\tex\latex\ams\math\amstext.sty"
Package: amstext 2000/06/29 v2.01
)
("C:\Program Files (x86)\MiKTeX 2.9\tex\latex\ams\math\amsbsy.sty"
Package: amsbsy 1999/11/29 v1.2d
\pmbraise@=\dimen115
)
("C:\Program Files (x86)\MiKTeX 2.9\tex\latex\ams\math\amsopn.sty"
Package: amsopn 1999/12/14 v2.01 operator names
)
\inf@bad=\count92
LaTeX Info: Redefining \frac on input line 211.
\uproot@=\count93
\leftroot@=\count94
LaTeX Info: Redefining \overline on input line 307.
\classnum@=\count95
\DOTSCASE@=\count96
LaTeX Info: Redefining \ldots on input line 379.
LaTeX Info: Redefining \dots on input line 382.
LaTeX Info: Redefining \cdots on input line 467.
\Mathstrutbox@=\box26
\strutbox@=\box27
\big@size=\dimen116
LaTeX Font Info:    Redeclaring font encoding OML on input line 567.
LaTeX Font Info:    Redeclaring font encoding OMS on input line 568.
\macc@depth=\count97
\c@MaxMatrixCols=\count98
\dotsspace@=\muskip10
\c@parentequation=\count99
\dspbrk@lvl=\count100
\tag@help=\toks18
\row@=\count101
\column@=\count102
\maxfields@=\count103
\andhelp@=\toks19
\eqnshift@=\dimen117
\alignsep@=\dimen118
\tagshift@=\dimen119
\tagwidth@=\dimen120
\totwidth@=\dimen121
\lineht@=\dimen122
\@envbody=\toks20
\multlinegap=\skip44
\multlinetaggap=\skip45
\mathdisplay@stack=\toks21
LaTeX Info: Redefining \[ on input line 2666.
LaTeX Info: Redefining \] on input line 2667.
)
("C:\Program Files (x86)\MiKTeX 2.9\tex\latex\amsfonts\amssymb.sty"
Package: amssymb 2009/06/22 v3.00

("C:\Program Files (x86)\MiKTeX 2.9\tex\latex\amsfonts\amsfonts.sty"
Package: amsfonts 2009/06/22 v3.00 Basic AMSFonts support
\symAMSa=\mathgroup4
\symAMSb=\mathgroup5
LaTeX Font Info:    Overwriting math alphabet `\mathfrak' in version `bold'
(Font)                  U/euf/m/n --> U/euf/b/n on input line 96.
))
("C:\Program Files (x86)\MiKTeX 2.9\tex\latex\ams\classes\amsthm.sty"
Package: amsthm 2004/08/06 v2.20
\thm@style=\toks22
\thm@bodyfont=\toks23
\thm@headfont=\toks24
\thm@notefont=\toks25
\thm@headpunct=\toks26
\thm@preskip=\skip46
\thm@postskip=\skip47
\thm@headsep=\skip48
\dth@everypar=\toks27
)
("C:\Program Files (x86)\MiKTeX 2.9\tex\latex\tools\array.sty"
Package: array 2008/09/09 v2.4c Tabular extension package (FMi)
\col@sep=\dimen123
\extrarowheight=\dimen124
\NC@list=\toks28
\extratabsurround=\skip49
\backup@length=\skip50
)
(C:\Users\Owner\AppData\Roaming\MiKTeX\2.9\tex\latex\bbm\bbm.sty
Package: bbm 1999/03/15 V 1.2 provides fonts for set symbols - TH
LaTeX Font Info:    Overwriting math alphabet `\mathbbm' in version `bold'
(Font)                  U/bbm/m/n --> U/bbm/bx/n on input line 33.
LaTeX Font Info:    Overwriting math alphabet `\mathbbmss' in version `bold'
(Font)                  U/bbmss/m/n --> U/bbmss/bx/n on input line 35.
)
(C:\Users\Owner\AppData\Roaming\MiKTeX\2.9\tex\latex\cancel\cancel.sty
Package: cancel 2000/03/12 v2.1 Cancel math terms
)
(C:\Users\Owner\AppData\Roaming\MiKTeX\2.9\tex\latex\chemarrow\chemarrow.sty
\z@=\dimen125
\z@skip=\skip51
\autotop=\dimen126
\autobottom=\dimen127
\autosize=\dimen128
)
(C:\Users\Owner\AppData\Roaming\MiKTeX\2.9\tex\latex\cmap\cmap.sty
Package: cmap 2008/03/06 v1.0h CMap support: searchable PDF
)
("C:\Program Files (x86)\MiKTeX 2.9\tex\latex\psnfss\courier.sty"
Package: courier 2005/04/12 PSNFSS-v9.2a (WaS) 
)
("C:\Program Files (x86)\MiKTeX 2.9\tex\latex\graphics\color.sty"
Package: color 2005/11/14 v1.0j Standard LaTeX Color (DPC)

("C:\Program Files (x86)\MiKTeX 2.9\tex\latex\00miktex\color.cfg"
File: color.cfg 2007/01/18 v1.5 color configuration of teTeX/TeXLive
)
Package color Info: Driver file: pdftex.def on input line 130.

("C:\Program Files (x86)\MiKTeX 2.9\tex\latex\pdftex-def\pdftex.def"
File: pdftex.def 2011/04/25 v0.06b Graphics/color for pdfTeX

("C:\Program Files (x86)\MiKTeX 2.9\tex\generic\oberdiek\infwarerr.sty"
Package: infwarerr 2010/04/08 v1.3 Providing info/warning/message (HO)
)
("C:\Program Files (x86)\MiKTeX 2.9\tex\generic\oberdiek\ltxcmds.sty"
Package: ltxcmds 2011/04/18 v1.20 LaTeX kernel commands for general use (HO)
)
\Gread@gobject=\count104
)
("C:\Program Files (x86)\MiKTeX 2.9\tex\latex\graphics\dvipsnam.def"
File: dvipsnam.def 1999/02/16 v3.0i Driver-dependant file (DPC,SPQR)
))
(C:\Users\Owner\AppData\Roaming\MiKTeX\2.9\tex\latex\ctable\ctable.sty
Package: ctable 2011/05/01 v1.19 ctable package

("C:\Program Files (x86)\MiKTeX 2.9\tex\latex\xkeyval\xkeyval.sty"
Package: xkeyval 2008/08/13 v2.6a package option processing (HA)

("C:\Program Files (x86)\MiKTeX 2.9\tex\generic\xkeyval\xkeyval.tex"
\XKV@toks=\toks29
\XKV@tempa@toks=\toks30
\XKV@depth=\count105
File: xkeyval.tex 2008/08/13 v2.6a key=value parser (HA)
))
("C:\Program Files (x86)\MiKTeX 2.9\tex\latex\tools\tabularx.sty"
Package: tabularx 1999/01/07 v2.07 `tabularx' package (DPC)
\TX@col@width=\dimen129
\TX@old@table=\dimen130
\TX@old@col=\dimen131
\TX@target=\dimen132
\TX@delta=\dimen133
\TX@cols=\count106
\TX@ftn=\toks31
)
(C:\Users\Owner\AppData\Roaming\MiKTeX\2.9\tex\latex\booktabs\booktabs.sty
Package: booktabs 2005/04/14 v1.61803 publication quality tables
\heavyrulewidth=\dimen134
\lightrulewidth=\dimen135
\cmidrulewidth=\dimen136
\belowrulesep=\dimen137
\belowbottomsep=\dimen138
\aboverulesep=\dimen139
\abovetopsep=\dimen140
\cmidrulesep=\dimen141
\cmidrulekern=\dimen142
\defaultaddspace=\dimen143
\@cmidla=\count107
\@cmidlb=\count108
\@aboverulesep=\dimen144
\@belowrulesep=\dimen145
\@thisruleclass=\count109
\@lastruleclass=\count110
\@thisrulewidth=\dimen146
)
(C:\Users\Owner\AppData\Roaming\MiKTeX\2.9\tex\latex\rotating\rotating.sty
Package: rotating 2009/03/28 v2.16a rotated objects in LaTeX

("C:\Program Files (x86)\MiKTeX 2.9\tex\latex\graphics\graphicx.sty"
Package: graphicx 1999/02/16 v1.0f Enhanced LaTeX Graphics (DPC,SPQR)

("C:\Program Files (x86)\MiKTeX 2.9\tex\latex\graphics\graphics.sty"
Package: graphics 2009/02/05 v1.0o Standard LaTeX Graphics (DPC,SPQR)

("C:\Program Files (x86)\MiKTeX 2.9\tex\latex\graphics\trig.sty"
Package: trig 1999/03/16 v1.09 sin cos tan (DPC)
)
("C:\Program Files (x86)\MiKTeX 2.9\tex\latex\00miktex\graphics.cfg"
File: graphics.cfg 2007/01/18 v1.5 graphics configuration of teTeX/TeXLive
)
Package graphics Info: Driver file: pdftex.def on input line 91.
)
\Gin@req@height=\dimen147
\Gin@req@width=\dimen148
)
("C:\Program Files (x86)\MiKTeX 2.9\tex\latex\base\ifthen.sty"
Package: ifthen 2001/05/26 v1.1c Standard LaTeX ifthen package (DPC)
)
\c@r@tfl@t=\count111
\rotFPtop=\skip52
\rotFPbot=\skip53
\rot@float@box=\box28
\rot@mess@toks=\toks32
)
\@ctblframesep=\dimen149
\@defaultctblframesep=\dimen150
\@ctblframerule=\dimen151
\@defaultctblframerule=\dimen152
\@ctblwidth=\dimen153
\@defaultctblwidth=\dimen154
\@ctblcaptionskip=\dimen155
\@defaultctblcaptionskip=\dimen156
\@ctblmaxwidth=\dimen157
\@defaultctblmaxwidth=\dimen158
\@ctblmincapwidth=\dimen159
\@defaultctblmincapwidth=\dimen160
\@ctblw=\dimen161
\@ctblfloatwidth=\dimen162
\@ctbloldsep=\dimen163
\@ctbloldrule=\dimen164
\ctbl@t=\box29
)
("C:\Program Files (x86)\MiKTeX 2.9\tex\latex\tools\enumerate.sty"
Package: enumerate 1999/03/05 v3.00 enumerate extensions (DPC)
\@enLab=\toks33
)
(C:\Users\Owner\AppData\Roaming\MiKTeX\2.9\tex\latex\enumitem\enumitem.sty
Package: enumitem 2011/09/28 v3.5.2 Customized lists
\labelindent=\skip54
\enit@outerparindent=\dimen165
\enit@toks=\toks34
\enit@inbox=\box30
\enitdp@description=\count112
)
(C:\Users\Owner\AppData\Roaming\MiKTeX\2.9\tex\latex\fancyhdr\fancyhdr.sty
\fancy@headwidth=\skip55
\f@ncyO@elh=\skip56
\f@ncyO@erh=\skip57
\f@ncyO@olh=\skip58
\f@ncyO@orh=\skip59
\f@ncyO@elf=\skip60
\f@ncyO@erf=\skip61
\f@ncyO@olf=\skip62
\f@ncyO@orf=\skip63
)
(C:\Users\Owner\AppData\Roaming\MiKTeX\2.9\tex\latex\listings\listings.sty
\lst@mode=\count113
\lst@gtempboxa=\box31
\lst@token=\toks35
\lst@length=\count114
\lst@currlwidth=\dimen166
\lst@column=\count115
\lst@pos=\count116
\lst@lostspace=\dimen167
\lst@width=\dimen168
\lst@newlines=\count117
\lst@lineno=\count118
\lst@maxwidth=\dimen169

(C:\Users\Owner\AppData\Roaming\MiKTeX\2.9\tex\latex\listings\lstmisc.sty
File: lstmisc.sty 2007/02/22 1.4 (Carsten Heinz)
\c@lstnumber=\count119
\lst@skipnumbers=\count120
\lst@framebox=\box32
)
(C:\Users\Owner\AppData\Roaming\MiKTeX\2.9\tex\latex\listings\listings.cfg
File: listings.cfg 2007/02/22 1.4 listings configuration
))
Package: listings 2007/02/22 1.4 (Carsten Heinz)

(C:\Users\Owner\AppData\Roaming\MiKTeX\2.9\tex\latex\listings\lstlang1.sty
File: lstlang1.sty 2004/09/05 1.3 listings language file
)
("C:\Program Files (x86)\MiKTeX 2.9\tex\latex\base\makeidx.sty"
Package: makeidx 2000/03/29 v1.0m Standard LaTeX package
)
(C:\Users\Owner\AppData\Roaming\MiKTeX\2.9\tex\generic\genmisc\mathdots.sty
Package: mathdots 2004/07/02 version 0.6.
\MD@unit=\dimen170
LaTeX Info: Redefining \ddots on input line 120.
LaTeX Info: Redefining \vdots on input line 122.


Package Mathdots Warning: Redefining amsmath commands \dddot and \ddddot.

LaTeX Info: Redefining \dddot on input line 145.
LaTeX Info: Redefining \ddddot on input line 145.
) (C:\Users\Owner\AppData\Roaming\MiKTeX\2.9\tex\latex\mh\mathtools.sty
Package: mathtools 2012/04/24 v1.12 mathematical typesetting tools

("C:\Program Files (x86)\MiKTeX 2.9\tex\latex\tools\calc.sty"
Package: calc 2007/08/22 v4.3 Infix arithmetic (KKT,FJ)
\calc@Acount=\count121
\calc@Bcount=\count122
\calc@Adimen=\dimen171
\calc@Bdimen=\dimen172
\calc@Askip=\skip64
\calc@Bskip=\skip65
LaTeX Info: Redefining \setlength on input line 76.
LaTeX Info: Redefining \addtolength on input line 77.
\calc@Ccount=\count123
\calc@Cskip=\skip66
)
(C:\Users\Owner\AppData\Roaming\MiKTeX\2.9\tex\latex\mh\mhsetup.sty
Package: mhsetup 2010/01/21 v1.2a programming setup (MH)
)
\g_MT_multlinerow_int=\count124
\l_MT_multwidth_dim=\dimen173
\origjot=\skip67
\l_MT_shortvdotswithinadjustabove_dim=\dimen174
\l_MT_shortvdotswithinadjustbelow_dim=\dimen175
\l_MT_above_intertext_dim=\dimen176
\l_MT_below_intertext_dim=\dimen177
\l_MT_above_shortintertext_dim=\dimen178
\l_MT_below_shortintertext_dim=\dimen179
)
("C:\Program Files (x86)\MiKTeX 2.9\tex\latex\jknappen\mathrsfs.sty"
Package: mathrsfs 1996/01/01 Math RSFS package v1.0 (jk)
\symrsfs=\mathgroup6
)
("C:\Program Files (x86)\MiKTeX 2.9\tex\latex\hyperref\hyperref.sty"
Package: hyperref 2011/04/17 v6.82g Hypertext links for LaTeX

("C:\Program Files (x86)\MiKTeX 2.9\tex\generic\oberdiek\hobsub-hyperref.sty"
Package: hobsub-hyperref 2011/04/23 v1.4 Bundle oberdiek, subset hyperref (HO)

("C:\Program Files (x86)\MiKTeX 2.9\tex\generic\oberdiek\hobsub-generic.sty"
Package: hobsub-generic 2011/04/23 v1.4 Bundle oberdiek, subset generic (HO)
Package: hobsub 2011/04/23 v1.4 Subsetting bundle oberdiek (HO)
Package hobsub Info: Skipping package `infwarerr' (already loaded).
Package hobsub Info: Skipping package `ltxcmds' (already loaded).
Package: ifluatex 2010/03/01 v1.3 Provides the ifluatex switch (HO)
Package ifluatex Info: LuaTeX not detected.
Package hobsub Info: Skipping package `ifvtex' (already loaded).
Package: intcalc 2007/09/27 v1.1 Expandable integer calculations (HO)
Package hobsub Info: Skipping package `ifpdf' (already loaded).
Package: etexcmds 2011/02/16 v1.5 Prefix for e-TeX command names (HO)
Package etexcmds Info: Could not find \expanded.
(etexcmds)             That can mean that you are not using pdfTeX 1.50 or
(etexcmds)             that some package has redefined \expanded.
(etexcmds)             In the latter case, load this package earlier.
Package: kvsetkeys 2011/04/07 v1.13 Key value parser (HO)
Package: kvdefinekeys 2011/04/07 v1.3 Defining keys (HO)
Package: pdftexcmds 2011/04/22 v0.16 Utilities of pdfTeX for LuaTeX (HO)
Package pdftexcmds Info: LuaTeX not detected.
Package pdftexcmds Info: \pdf@primitive is available.
Package pdftexcmds Info: \pdf@ifprimitive is available.
Package pdftexcmds Info: \pdfdraftmode found.
Package: pdfescape 2011/04/04 v1.12 Provides string conversions (HO)
Package: bigintcalc 2011/01/30 v1.2 Expandable big integer calculations (HO)
Package: bitset 2011/01/30 v1.1 Data type bit set (HO)
Package: uniquecounter 2011/01/30 v1.2 Provides unlimited unique counter (HO)
)
Package hobsub Info: Skipping package `hobsub' (already loaded).
Package: letltxmacro 2010/09/02 v1.4 Let assignment for LaTeX macros (HO)
Package: hopatch 2011/01/30 v1.0 Wrapper for package hooks (HO)
Package: xcolor-patch 2011/01/30 xcolor patch
Package: atveryend 2011/04/23 v1.7 Hooks at very end of document (HO)
Package atveryend Info: \enddocument detected (standard).
Package: atbegshi 2011/01/30 v1.15 At begin shipout hook (HO)
Package: refcount 2010/12/01 v3.2 Data extraction from references (HO)
Package: hycolor 2011/01/30 v1.7 Color options of hyperref/bookmark (HO)
)
("C:\Program Files (x86)\MiKTeX 2.9\tex\latex\oberdiek\kvoptions.sty"
Package: kvoptions 2010/12/23 v3.10 Keyval support for LaTeX options (HO)
)
\@linkdim=\dimen180
\Hy@linkcounter=\count125
\Hy@pagecounter=\count126

("C:\Program Files (x86)\MiKTeX 2.9\tex\latex\hyperref\pd1enc.def"
File: pd1enc.def 2011/04/17 v6.82g Hyperref: PDFDocEncoding definition (HO)
)
\Hy@SavedSpaceFactor=\count127

("C:\Program Files (x86)\MiKTeX 2.9\tex\latex\00miktex\hyperref.cfg"
File: hyperref.cfg 2002/06/06 v1.2 hyperref configuration of TeXLive
)
Package hyperref Info: Hyper figures OFF on input line 4026.
Package hyperref Info: Link nesting OFF on input line 4031.
Package hyperref Info: Hyper index ON on input line 4034.
Package hyperref Info: Plain pages OFF on input line 4041.
Package hyperref Info: Backreferencing OFF on input line 4046.
Package hyperref Info: Implicit mode ON; LaTeX internals redefined.
Package hyperref Info: Bookmarks ON on input line 4264.
\c@Hy@tempcnt=\count128

("C:\Program Files (x86)\MiKTeX 2.9\tex\latex\ltxmisc\url.sty"
\Urlmuskip=\muskip11
Package: url 2006/04/12  ver 3.3  Verb mode for urls, etc.
)
LaTeX Info: Redefining \url on input line 4617.
\Fld@menulength=\count129
\Field@Width=\dimen181
\Fld@charsize=\dimen182
Package hyperref Info: Hyper figures OFF on input line 5701.
Package hyperref Info: Link nesting OFF on input line 5706.
Package hyperref Info: Hyper index ON on input line 5709.
Package hyperref Info: backreferencing OFF on input line 5716.
Package hyperref Info: Link coloring OFF on input line 5721.
Package hyperref Info: Link coloring with OCG OFF on input line 5726.
Package hyperref Info: PDF/A mode OFF on input line 5731.
LaTeX Info: Redefining \ref on input line 5771.
LaTeX Info: Redefining \pageref on input line 5775.
\Hy@abspage=\count130
\c@Item=\count131
)

Package hyperref Message: Driver (autodetected): hpdftex.

("C:\Program Files (x86)\MiKTeX 2.9\tex\latex\hyperref\hpdftex.def"
File: hpdftex.def 2011/04/17 v6.82g Hyperref driver for pdfTeX
\Fld@listcount=\count132
\c@bookmark@seq@number=\count133

("C:\Program Files (x86)\MiKTeX 2.9\tex\latex\oberdiek\rerunfilecheck.sty"
Package: rerunfilecheck 2011/04/15 v1.7 Rerun checks for auxiliary files (HO)
Package uniquecounter Info: New unique counter `rerunfilecheck' on input line 2
82.
)
\Hy@SectionHShift=\skip68
)
("C:\Program Files (x86)\MiKTeX 2.9\tex\latex\oberdiek\stackrel.sty"
Package: stackrel 2007/11/11 v1.2 Adding subscript option to stackrel (HO)
)
(C:\Users\Owner\AppData\Roaming\MiKTeX\2.9\tex\latex\stmaryrd\stmaryrd.sty
Package: stmaryrd 1994/03/03 St Mary's Road symbol package
\symstmry=\mathgroup7
LaTeX Font Info:    Overwriting symbol font `stmry' in version `bold'
(Font)                  U/stmry/m/n --> U/stmry/b/n on input line 89.
)
(C:\Users\Owner\AppData\Roaming\MiKTeX\2.9\tex\latex\pgf\frontendlayer\tikz.sty
(C:\Users\Owner\AppData\Roaming\MiKTeX\2.9\tex\latex\pgf\basiclayer\pgf.sty
(C:\Users\Owner\AppData\Roaming\MiKTeX\2.9\tex\latex\pgf\utilities\pgfrcs.sty
(C:\Users\Owner\AppData\Roaming\MiKTeX\2.9\tex\generic\pgf\utilities\pgfutil-co
mmon.tex
\pgfutil@everybye=\toks36
)
(C:\Users\Owner\AppData\Roaming\MiKTeX\2.9\tex\generic\pgf\utilities\pgfutil-la
tex.def
\pgfutil@abb=\box33
 (C:\Users\Owner\AppData\Roaming\MiKTeX\2.9\tex\latex\ms\everyshi.sty
Package: everyshi 2001/05/15 v3.00 EveryShipout Package (MS)
))
(C:\Users\Owner\AppData\Roaming\MiKTeX\2.9\tex\generic\pgf\utilities\pgfrcs.cod
e.tex
Package: pgfrcs 2010/10/25 v2.10 (rcs-revision 1.24)
))
Package: pgf 2008/01/15 v2.10 (rcs-revision 1.12)

(C:\Users\Owner\AppData\Roaming\MiKTeX\2.9\tex\latex\pgf\basiclayer\pgfcore.sty

(C:\Users\Owner\AppData\Roaming\MiKTeX\2.9\tex\latex\pgf\systemlayer\pgfsys.sty

(C:\Users\Owner\AppData\Roaming\MiKTeX\2.9\tex\generic\pgf\systemlayer\pgfsys.c
ode.tex
Package: pgfsys 2010/06/30 v2.10 (rcs-revision 1.37)

(C:\Users\Owner\AppData\Roaming\MiKTeX\2.9\tex\generic\pgf\utilities\pgfkeys.co
de.tex
\pgfkeys@pathtoks=\toks37
\pgfkeys@temptoks=\toks38

(C:\Users\Owner\AppData\Roaming\MiKTeX\2.9\tex\generic\pgf\utilities\pgfkeysfil
tered.code.tex
\pgfkeys@tmptoks=\toks39
))
\pgf@x=\dimen183
\pgf@y=\dimen184
\pgf@xa=\dimen185
\pgf@ya=\dimen186
\pgf@xb=\dimen187
\pgf@yb=\dimen188
\pgf@xc=\dimen189
\pgf@yc=\dimen190
\w@pgf@writea=\write3
\r@pgf@reada=\read1
\c@pgf@counta=\count134
\c@pgf@countb=\count135
\c@pgf@countc=\count136
\c@pgf@countd=\count137

(C:\Users\Owner\AppData\Roaming\MiKTeX\2.9\tex\generic\pgf\systemlayer\pgf.cfg
File: pgf.cfg 2008/05/14  (rcs-revision 1.7)
)
Package pgfsys Info: Driver file for pgf: pgfsys-pdftex.def on input line 900.

(C:\Users\Owner\AppData\Roaming\MiKTeX\2.9\tex\generic\pgf\systemlayer\pgfsys-p
dftex.def
File: pgfsys-pdftex.def 2009/05/22  (rcs-revision 1.26)

(C:\Users\Owner\AppData\Roaming\MiKTeX\2.9\tex\generic\pgf\systemlayer\pgfsys-c
ommon-pdf.def
File: pgfsys-common-pdf.def 2008/05/19  (rcs-revision 1.10)
)))
(C:\Users\Owner\AppData\Roaming\MiKTeX\2.9\tex\generic\pgf\systemlayer\pgfsysso
ftpath.code.tex
File: pgfsyssoftpath.code.tex 2008/07/18  (rcs-revision 1.7)
\pgfsyssoftpath@smallbuffer@items=\count138
\pgfsyssoftpath@bigbuffer@items=\count139
)
(C:\Users\Owner\AppData\Roaming\MiKTeX\2.9\tex\generic\pgf\systemlayer\pgfsyspr
otocol.code.tex
File: pgfsysprotocol.code.tex 2006/10/16  (rcs-revision 1.4)
))
(C:\Users\Owner\AppData\Roaming\MiKTeX\2.9\tex\latex\xcolor\xcolor.sty
Package: xcolor 2007/01/21 v2.11 LaTeX color extensions (UK)

("C:\Program Files (x86)\MiKTeX 2.9\tex\latex\00miktex\color.cfg"
File: color.cfg 2007/01/18 v1.5 color configuration of teTeX/TeXLive
)
Package xcolor Info: Driver file: pdftex.def on input line 225.
LaTeX Info: Redefining \color on input line 702.
Package xcolor Info: Model `cmy' substituted by `cmy0' on input line 1337.
Package xcolor Info: Model `hsb' substituted by `rgb' on input line 1341.
Package xcolor Info: Model `RGB' extended on input line 1353.
Package xcolor Info: Model `HTML' substituted by `rgb' on input line 1355.
Package xcolor Info: Model `Hsb' substituted by `hsb' on input line 1356.
Package xcolor Info: Model `tHsb' substituted by `hsb' on input line 1357.
Package xcolor Info: Model `HSB' substituted by `hsb' on input line 1358.
Package xcolor Info: Model `Gray' substituted by `gray' on input line 1359.
Package xcolor Info: Model `wave' substituted by `hsb' on input line 1360.
)
(C:\Users\Owner\AppData\Roaming\MiKTeX\2.9\tex\generic\pgf\basiclayer\pgfcore.c
ode.tex
Package: pgfcore 2010/04/11 v2.10 (rcs-revision 1.7)

(C:\Users\Owner\AppData\Roaming\MiKTeX\2.9\tex\generic\pgf\math\pgfmath.code.te
x
(C:\Users\Owner\AppData\Roaming\MiKTeX\2.9\tex\generic\pgf\math\pgfmathcalc.cod
e.tex
(C:\Users\Owner\AppData\Roaming\MiKTeX\2.9\tex\generic\pgf\math\pgfmathutil.cod
e.tex)
(C:\Users\Owner\AppData\Roaming\MiKTeX\2.9\tex\generic\pgf\math\pgfmathparser.c
ode.tex
\pgfmath@dimen=\dimen191
\pgfmath@count=\count140
\pgfmath@box=\box34
\pgfmath@toks=\toks40
\pgfmath@stack@operand=\toks41
\pgfmath@stack@operation=\toks42
)
(C:\Users\Owner\AppData\Roaming\MiKTeX\2.9\tex\generic\pgf\math\pgfmathfunction
s.code.tex
(C:\Users\Owner\AppData\Roaming\MiKTeX\2.9\tex\generic\pgf\math\pgfmathfunction
s.basic.code.tex)
(C:\Users\Owner\AppData\Roaming\MiKTeX\2.9\tex\generic\pgf\math\pgfmathfunction
s.trigonometric.code.tex)
(C:\Users\Owner\AppData\Roaming\MiKTeX\2.9\tex\generic\pgf\math\pgfmathfunction
s.random.code.tex)
(C:\Users\Owner\AppData\Roaming\MiKTeX\2.9\tex\generic\pgf\math\pgfmathfunction
s.comparison.code.tex)
(C:\Users\Owner\AppData\Roaming\MiKTeX\2.9\tex\generic\pgf\math\pgfmathfunction
s.base.code.tex)
(C:\Users\Owner\AppData\Roaming\MiKTeX\2.9\tex\generic\pgf\math\pgfmathfunction
s.round.code.tex)
(C:\Users\Owner\AppData\Roaming\MiKTeX\2.9\tex\generic\pgf\math\pgfmathfunction
s.misc.code.tex)))
(C:\Users\Owner\AppData\Roaming\MiKTeX\2.9\tex\generic\pgf\math\pgfmathfloat.co
de.tex
\c@pgfmathroundto@lastzeros=\count141
))
(C:\Users\Owner\AppData\Roaming\MiKTeX\2.9\tex\generic\pgf\basiclayer\pgfcorepo
ints.code.tex
File: pgfcorepoints.code.tex 2010/04/09  (rcs-revision 1.20)
\pgf@picminx=\dimen192
\pgf@picmaxx=\dimen193
\pgf@picminy=\dimen194
\pgf@picmaxy=\dimen195
\pgf@pathminx=\dimen196
\pgf@pathmaxx=\dimen197
\pgf@pathminy=\dimen198
\pgf@pathmaxy=\dimen199
\pgf@xx=\dimen200
\pgf@xy=\dimen201
\pgf@yx=\dimen202
\pgf@yy=\dimen203
\pgf@zx=\dimen204
\pgf@zy=\dimen205
)
(C:\Users\Owner\AppData\Roaming\MiKTeX\2.9\tex\generic\pgf\basiclayer\pgfcorepa
thconstruct.code.tex
File: pgfcorepathconstruct.code.tex 2010/08/03  (rcs-revision 1.24)
\pgf@path@lastx=\dimen206
\pgf@path@lasty=\dimen207
)
(C:\Users\Owner\AppData\Roaming\MiKTeX\2.9\tex\generic\pgf\basiclayer\pgfcorepa
thusage.code.tex
File: pgfcorepathusage.code.tex 2008/04/22  (rcs-revision 1.12)
\pgf@shorten@end@additional=\dimen208
\pgf@shorten@start@additional=\dimen209
)
(C:\Users\Owner\AppData\Roaming\MiKTeX\2.9\tex\generic\pgf\basiclayer\pgfcoresc
opes.code.tex
File: pgfcorescopes.code.tex 2010/09/08  (rcs-revision 1.34)
\pgfpic=\box35
\pgf@hbox=\box36
\pgf@layerbox@main=\box37
\pgf@picture@serial@count=\count142
)
(C:\Users\Owner\AppData\Roaming\MiKTeX\2.9\tex\generic\pgf\basiclayer\pgfcoregr
aphicstate.code.tex
File: pgfcoregraphicstate.code.tex 2008/04/22  (rcs-revision 1.9)
\pgflinewidth=\dimen210
)
(C:\Users\Owner\AppData\Roaming\MiKTeX\2.9\tex\generic\pgf\basiclayer\pgfcoretr
ansformations.code.tex
File: pgfcoretransformations.code.tex 2009/06/10  (rcs-revision 1.11)
\pgf@pt@x=\dimen211
\pgf@pt@y=\dimen212
\pgf@pt@temp=\dimen213
)
(C:\Users\Owner\AppData\Roaming\MiKTeX\2.9\tex\generic\pgf\basiclayer\pgfcorequ
ick.code.tex
File: pgfcorequick.code.tex 2008/10/09  (rcs-revision 1.3)
)
(C:\Users\Owner\AppData\Roaming\MiKTeX\2.9\tex\generic\pgf\basiclayer\pgfcoreob
jects.code.tex
File: pgfcoreobjects.code.tex 2006/10/11  (rcs-revision 1.2)
)
(C:\Users\Owner\AppData\Roaming\MiKTeX\2.9\tex\generic\pgf\basiclayer\pgfcorepa
thprocessing.code.tex
File: pgfcorepathprocessing.code.tex 2008/10/09  (rcs-revision 1.8)
)
(C:\Users\Owner\AppData\Roaming\MiKTeX\2.9\tex\generic\pgf\basiclayer\pgfcorear
rows.code.tex
File: pgfcorearrows.code.tex 2008/04/23  (rcs-revision 1.11)
)
(C:\Users\Owner\AppData\Roaming\MiKTeX\2.9\tex\generic\pgf\basiclayer\pgfcoresh
ade.code.tex
File: pgfcoreshade.code.tex 2008/11/23  (rcs-revision 1.13)
\pgf@max=\dimen214
\pgf@sys@shading@range@num=\count143
)
(C:\Users\Owner\AppData\Roaming\MiKTeX\2.9\tex\generic\pgf\basiclayer\pgfcoreim
age.code.tex
File: pgfcoreimage.code.tex 2010/03/25  (rcs-revision 1.16)

(C:\Users\Owner\AppData\Roaming\MiKTeX\2.9\tex\generic\pgf\basiclayer\pgfcoreex
ternal.code.tex
File: pgfcoreexternal.code.tex 2010/09/01  (rcs-revision 1.17)
\pgfexternal@startupbox=\box38
))
(C:\Users\Owner\AppData\Roaming\MiKTeX\2.9\tex\generic\pgf\basiclayer\pgfcorela
yers.code.tex
File: pgfcorelayers.code.tex 2010/08/27  (rcs-revision 1.2)
)
(C:\Users\Owner\AppData\Roaming\MiKTeX\2.9\tex\generic\pgf\basiclayer\pgfcoretr
ansparency.code.tex
File: pgfcoretransparency.code.tex 2008/01/17  (rcs-revision 1.2)
)
(C:\Users\Owner\AppData\Roaming\MiKTeX\2.9\tex\generic\pgf\basiclayer\pgfcorepa
tterns.code.tex
File: pgfcorepatterns.code.tex 2009/07/02  (rcs-revision 1.3)
)))
(C:\Users\Owner\AppData\Roaming\MiKTeX\2.9\tex\generic\pgf\modules\pgfmodulesha
pes.code.tex
File: pgfmoduleshapes.code.tex 2010/09/09  (rcs-revision 1.13)
\pgfnodeparttextbox=\box39
)
(C:\Users\Owner\AppData\Roaming\MiKTeX\2.9\tex\generic\pgf\modules\pgfmoduleplo
t.code.tex
File: pgfmoduleplot.code.tex 2010/10/22  (rcs-revision 1.8)
)
(C:\Users\Owner\AppData\Roaming\MiKTeX\2.9\tex\latex\pgf\compatibility\pgfcomp-
version-0-65.sty
Package: pgfcomp-version-0-65 2007/07/03 v2.10 (rcs-revision 1.7)
\pgf@nodesepstart=\dimen215
\pgf@nodesepend=\dimen216
)
(C:\Users\Owner\AppData\Roaming\MiKTeX\2.9\tex\latex\pgf\compatibility\pgfcomp-
version-1-18.sty
Package: pgfcomp-version-1-18 2007/07/23 v2.10 (rcs-revision 1.1)
))
(C:\Users\Owner\AppData\Roaming\MiKTeX\2.9\tex\latex\pgf\utilities\pgffor.sty
(C:\Users\Owner\AppData\Roaming\MiKTeX\2.9\tex\latex\pgf\utilities\pgfkeys.sty
(C:\Users\Owner\AppData\Roaming\MiKTeX\2.9\tex\generic\pgf\utilities\pgfkeys.co
de.tex))
(C:\Users\Owner\AppData\Roaming\MiKTeX\2.9\tex\generic\pgf\utilities\pgffor.cod
e.tex
Package: pgffor 2010/03/23 v2.10 (rcs-revision 1.18)
\pgffor@iter=\dimen217
\pgffor@skip=\dimen218
\pgffor@stack=\toks43
\pgffor@toks=\toks44
))
(C:\Users\Owner\AppData\Roaming\MiKTeX\2.9\tex\generic\pgf\frontendlayer\tikz\t
ikz.code.tex
Package: tikz 2010/10/13 v2.10 (rcs-revision 1.76)

(C:\Users\Owner\AppData\Roaming\MiKTeX\2.9\tex\generic\pgf\libraries\pgflibrary
plothandlers.code.tex
File: pgflibraryplothandlers.code.tex 2010/05/31 v2.10 (rcs-revision 1.15)
\pgf@plot@mark@count=\count144
\pgfplotmarksize=\dimen219
)
\tikz@lastx=\dimen220
\tikz@lasty=\dimen221
\tikz@lastxsaved=\dimen222
\tikz@lastysaved=\dimen223
\tikzleveldistance=\dimen224
\tikzsiblingdistance=\dimen225
\tikz@figbox=\box40
\tikz@tempbox=\box41
\tikztreelevel=\count145
\tikznumberofchildren=\count146
\tikznumberofcurrentchild=\count147
\tikz@fig@count=\count148

(C:\Users\Owner\AppData\Roaming\MiKTeX\2.9\tex\generic\pgf\modules\pgfmodulemat
rix.code.tex
File: pgfmodulematrix.code.tex 2010/08/24  (rcs-revision 1.4)
\pgfmatrixcurrentrow=\count149
\pgfmatrixcurrentcolumn=\count150
\pgf@matrix@numberofcolumns=\count151
)
\tikz@expandcount=\count152

(C:\Users\Owner\AppData\Roaming\MiKTeX\2.9\tex\generic\pgf\frontendlayer\tikz\l
ibraries\tikzlibrarytopaths.code.tex
File: tikzlibrarytopaths.code.tex 2008/06/17 v2.10 (rcs-revision 1.2)
)))
(C:\Users\Owner\AppData\Roaming\MiKTeX\2.9\tex\latex\titlesec\titlesec.sty
Package: titlesec 2007/08/12 v2.8 Sectioning titles
\ttl@box=\box42
\beforetitleunit=\skip69
\aftertitleunit=\skip70
\ttl@plus=\dimen226
\ttl@minus=\dimen227
\ttl@toksa=\toks45
\titlewidth=\dimen228
\titlewidthlast=\dimen229
\titlewidthfirst=\dimen230
)
(C:\Users\Owner\AppData\Roaming\MiKTeX\2.9\tex\latex\titlesec\titletoc.sty
Package: titletoc 2007/08/12 v1.6 TOC entries
\ttl@leftsep=\dimen231
)
("C:\Program Files (x86)\MiKTeX 2.9\tex\latex\tools\verbatim.sty"
Package: verbatim 2003/08/22 v1.5q LaTeX2e package for verbatim enhancements
\every@verbatim=\toks46
\verbatim@line=\toks47
\verbatim@in@stream=\read2
)
(C:\Users\Owner\AppData\Roaming\MiKTeX\2.9\tex\latex\wasysym\wasysym.sty
Package: wasysym 2003/10/30 v2.0 Wasy-2 symbol support package
\symwasy=\mathgroup8
LaTeX Font Info:    Overwriting symbol font `wasy' in version `bold'
(Font)                  U/wasy/m/n --> U/wasy/b/n on input line 90.
LaTeX Font Info:    Redeclaring math symbol \ocircle on input line 240.
)
(C:\Users\Owner\AppData\Roaming\MiKTeX\2.9\tex\latex\wrapfig\wrapfig.sty
\wrapoverhang=\dimen232
\WF@size=\dimen233
\c@WF@wrappedlines=\count153
\WF@box=\box43
\WF@everypar=\toks48
Package: wrapfig 2003/01/31  v 3.6
)
(C:\Users\Owner\AppData\Roaming\MiKTeX\2.9\tex\latex\yhmath\yhmath.sty
Package: yhmath 
LaTeX Font Info:    Redeclaring symbol font `largesymbols' on input line 12.
LaTeX Font Info:    Overwriting symbol font `largesymbols' in version `normal'
(Font)                  OMX/cmex/m/n --> OMX/yhex/m/n on input line 12.
LaTeX Font Info:    Overwriting symbol font `largesymbols' in version `bold'
(Font)                  OMX/cmex/m/n --> OMX/yhex/m/n on input line 12.
LaTeX Font Info:    Redeclaring math accent \widetilde on input line 13.
LaTeX Font Info:    Redeclaring math accent \widehat on input line 14.
)
("C:\Program Files (x86)\MiKTeX 2.9\tex\generic\xypic\xy.sty"
("C:\Program Files (x86)\MiKTeX 2.9\tex\generic\xypic\xy.tex" Bootstrap'ing:
catcodes, docmode,
("C:\Program Files (x86)\MiKTeX 2.9\tex\generic\xypic\xyrecat.tex")
("C:\Program Files (x86)\MiKTeX 2.9\tex\generic\xypic\xyidioms.tex")

 Xy-pic version 3.8.5 <2011/02/11>
 Copyright (c) 1991-2010 by Kristoffer H. Rose <krisrose@tug.org>
 Xy-pic is free software: see the User's Guide for details.

Loading kernel: messages; fonts; allocations: state,
Normal \dimen register pool exhausted, switching to extended pool.
\X@c=\dimen256
\Y@c=\dimen257
\U@c=\dimen258
\D@c=\dimen259
\L@c=\dimen260
\R@c=\dimen261
\Edge@c=\toks49
\X@p=\dimen262
\Y@p=\dimen263
\U@p=\dimen264
\D@p=\dimen265
\L@p=\dimen266
\R@p=\dimen267
\Edge@p=\toks50
\X@origin=\dimen268
\Y@origin=\dimen269
\X@xbase=\dimen270
\Y@xbase=\dimen271
\X@ybase=\dimen272
\Y@ybase=\dimen273
\X@min=\dimen274
\Y@min=\dimen275
\X@max=\dimen276
\Y@max=\dimen277
\lastobjectbox@=\box44
\zerodotbox@=\box45
\almostz@=\dimen278
 direction,
\d@X=\dimen279
\d@Y=\dimen280
\K@=\count154
\KK@=\count155
\Direction=\count156
\K@dXdY=\dimen281
\K@dYdX=\dimen282
\xyread@=\read3
\xywrite@=\write4
\csp@=\count157
\quotPTK@=\dimen283

utility macros; pictures: \xy, positions,
\swaptoks@@=\toks51
\connectobjectbox@@=\box46
 objects,
\styletoks@=\toks52
 decorations;
kernel objects: directionals, circles, text; options; algorithms: directions,
edges, connections;  Xy-pic loaded)
Package: xy 2011/02/11 Xy-pic version 3.8.5

("C:\Program Files (x86)\MiKTeX 2.9\tex\generic\xypic\xycmtip.tex"
 Xy-pic option: Computer Modern tip extension v.3.6
("C:\Program Files (x86)\MiKTeX 2.9\tex\generic\xypic\xytips.tex"
 Xy-pic option: More Tips extension v.3.8 loaded) loaded)
("C:\Program Files (x86)\MiKTeX 2.9\tex\generic\xypic\xyall.tex"
 Xy-pic option: All features v.3.7
("C:\Program Files (x86)\MiKTeX 2.9\tex\generic\xypic\xycurve.tex"
 Xy-pic option: Curve and Spline extension v.3.11 curve,
\crv@cnt@=\count158
\crvpts@=\toks53
\splinebox@=\box47
\splineval@=\dimen284
\splinedepth@=\dimen285
\splinetol@=\dimen286
\splinelength@=\dimen287
 circles,
\L@=\dimen288
 loaded)
("C:\Program Files (x86)\MiKTeX 2.9\tex\generic\xypic\xyframe.tex"
 Xy-pic option: Frame and Bracket extension v.3.12 loaded)
("C:\Program Files (x86)\MiKTeX 2.9\tex\generic\xypic\xyline.tex"
 Xy-pic option: Line styles extension v.3.9
\xylinethick@=\dimen289
 loaded)
("C:\Program Files (x86)\MiKTeX 2.9\tex\generic\xypic\xyrotate.tex"
 Xy-pic option: Rotate and Scale extension v.3.7 loaded)
("C:\Program Files (x86)\MiKTeX 2.9\tex\generic\xypic\xycolor.tex"
 Xy-pic option: Colour extension v.3.10 loaded)
("C:\Program Files (x86)\MiKTeX 2.9\tex\generic\xypic\xymatrix.tex"
 Xy-pic option: Matrix feature v.3.9
\Row=\count159
\Col=\count160
\queue@=\toks54
\queue@@=\toks55
\qcount@=\count161
\qcount@@=\count162
\matrixsize@=\count163
 loaded)
("C:\Program Files (x86)\MiKTeX 2.9\tex\generic\xypic\xyarrow.tex"
 Xy-pic option: Arrow and Path feature v.3.8 path, \ar, loaded)
("C:\Program Files (x86)\MiKTeX 2.9\tex\generic\xypic\xygraph.tex"
 Xy-pic option: Graph feature v.3.10 loaded) loaded)
("C:\Program Files (x86)\MiKTeX 2.9\tex\generic\xypic\xypdf.tex"
 Xy-pic option: PDF driver v.1.6 Xy-pic pdf driver: `color' extension support
("C:\Program Files (x86)\MiKTeX 2.9\tex\generic\xypic\xypdf-co.tex" loaded)
Xy-pic pdf driver: `curve' extension support
("C:\Program Files (x86)\MiKTeX 2.9\tex\generic\xypic\xypdf-cu.tex" loaded)
Xy-pic pdf driver: `frame' extension support
("C:\Program Files (x86)\MiKTeX 2.9\tex\generic\xypic\xypdf-fr.tex" loaded)
Xy-pic pdf driver: `line' extension support
("C:\Program Files (x86)\MiKTeX 2.9\tex\generic\xypic\xypdf-li.tex" loaded)
Xy-pic pdf driver: `rotate' extension support
("C:\Program Files (x86)\MiKTeX 2.9\tex\generic\xypic\xypdf-ro.tex" loaded)
loaded))
(C:\Users\Owner\AppData\Roaming\MiKTeX\2.9\tex\generic\pgf\frontendlayer\tikz\l
ibraries\tikzlibrarycalc.code.tex
File: tikzlibrarycalc.code.tex 2009/09/04 v2.10 (rcs-revision 1.6)
)
(C:\Users\Owner\AppData\Roaming\MiKTeX\2.9\tex\generic\pgf\frontendlayer\tikz\l
ibraries\tikzlibrarytrees.code.tex
File: tikzlibrarytrees.code.tex 2008/02/24 v2.10 (rcs-revision 1.2)
)
(C:\Users\Owner\AppData\Roaming\MiKTeX\2.9\tex\generic\pgf\frontendlayer\tikz\l
ibraries\tikzlibrarypositioning.code.tex
File: tikzlibrarypositioning.code.tex 2008/10/06 v2.10 (rcs-revision 1.7)
)
(C:\Users\Owner\AppData\Roaming\MiKTeX\2.9\tex\generic\pgf\frontendlayer\tikz\l
ibraries\tikzlibraryarrows.code.tex
File: tikzlibraryarrows.code.tex 2008/01/09 v2.10 (rcs-revision 1.1)

(C:\Users\Owner\AppData\Roaming\MiKTeX\2.9\tex\generic\pgf\libraries\pgflibrary
arrows.code.tex
File: pgflibraryarrows.code.tex 2008/10/27 v2.10 (rcs-revision 1.9)
\arrowsize=\dimen290
))
(C:\Users\Owner\AppData\Roaming\MiKTeX\2.9\tex\generic\pgf\frontendlayer\tikz\l
ibraries\tikzlibrarychains.code.tex
File: tikzlibrarychains.code.tex 2008/02/27 v2.10 (rcs-revision 1.5)
)
(C:\Users\Owner\AppData\Roaming\MiKTeX\2.9\tex\generic\pgf\frontendlayer\tikz\l
ibraries\tikzlibraryshapes.geometric.code.tex
File: tikzlibraryshapes.geometric.code.tex 2008/01/09 v2.10 (rcs-revision 1.1)

(C:\Users\Owner\AppData\Roaming\MiKTeX\2.9\tex\generic\pgf\libraries\shapes\pgf
libraryshapes.geometric.code.tex
File: pgflibraryshapes.geometric.code.tex 2008/06/26 v2.10 (rcs-revision 1.1)
))
(C:\Users\Owner\AppData\Roaming\MiKTeX\2.9\tex\generic\pgf\frontendlayer\tikz\l
ibraries\tikzlibrarydecorations.pathreplacing.code.tex
(C:\Users\Owner\AppData\Roaming\MiKTeX\2.9\tex\generic\pgf\frontendlayer\tikz\l
ibraries\tikzlibrarydecorations.code.tex
(C:\Users\Owner\AppData\Roaming\MiKTeX\2.9\tex\generic\pgf\modules\pgfmoduledec
orations.code.tex
\pgfdecoratedcompleteddistance=\dimen291
\pgfdecoratedremainingdistance=\dimen292
\pgfdecoratedinputsegmentcompleteddistance=\dimen293
\pgfdecoratedinputsegmentremainingdistance=\dimen294
\pgf@decorate@distancetomove=\dimen295
\pgf@decorate@repeatstate=\count164
\pgfdecorationsegmentamplitude=\dimen296
\pgfdecorationsegmentlength=\dimen297
)
\tikz@lib@dec@box=\box48
)
(C:\Users\Owner\AppData\Roaming\MiKTeX\2.9\tex\generic\pgf\libraries\decoration
s\pgflibrarydecorations.pathreplacing.code.tex))
(C:\Users\Owner\AppData\Roaming\MiKTeX\2.9\tex\generic\pgf\frontendlayer\tikz\l
ibraries\tikzlibrarydecorations.pathmorphing.code.tex
(C:\Users\Owner\AppData\Roaming\MiKTeX\2.9\tex\generic\pgf\libraries\decoration
s\pgflibrarydecorations.pathmorphing.code.tex))
(C:\Users\Owner\AppData\Roaming\MiKTeX\2.9\tex\generic\pgf\frontendlayer\tikz\l
ibraries\tikzlibraryshapes.code.tex
File: tikzlibraryshapes.code.tex 2008/01/09 v2.10 (rcs-revision 1.1)

(C:\Users\Owner\AppData\Roaming\MiKTeX\2.9\tex\generic\pgf\frontendlayer\tikz\l
ibraries\tikzlibraryshapes.misc.code.tex
File: tikzlibraryshapes.misc.code.tex 2008/01/09 v2.10 (rcs-revision 1.1)

(C:\Users\Owner\AppData\Roaming\MiKTeX\2.9\tex\generic\pgf\libraries\shapes\pgf
libraryshapes.misc.code.tex
File: pgflibraryshapes.misc.code.tex 2008/10/07 v2.10 (rcs-revision 1.3)
))
(C:\Users\Owner\AppData\Roaming\MiKTeX\2.9\tex\generic\pgf\frontendlayer\tikz\l
ibraries\tikzlibraryshapes.symbols.code.tex
File: tikzlibraryshapes.symbols.code.tex 2008/01/09 v2.10 (rcs-revision 1.1)

(C:\Users\Owner\AppData\Roaming\MiKTeX\2.9\tex\generic\pgf\libraries\shapes\pgf
libraryshapes.symbols.code.tex
File: pgflibraryshapes.symbols.code.tex 2009/10/27 v2.10 (rcs-revision 1.3)
))
(C:\Users\Owner\AppData\Roaming\MiKTeX\2.9\tex\generic\pgf\frontendlayer\tikz\l
ibraries\tikzlibraryshapes.arrows.code.tex
File: tikzlibraryshapes.arrows.code.tex 2008/01/09 v2.10 (rcs-revision 1.1)

(C:\Users\Owner\AppData\Roaming\MiKTeX\2.9\tex\generic\pgf\libraries\shapes\pgf
libraryshapes.arrows.code.tex
File: pgflibraryshapes.arrows.code.tex 2008/06/26 v2.10 (rcs-revision 1.1)
))
(C:\Users\Owner\AppData\Roaming\MiKTeX\2.9\tex\generic\pgf\frontendlayer\tikz\l
ibraries\tikzlibraryshapes.callouts.code.tex
(C:\Users\Owner\AppData\Roaming\MiKTeX\2.9\tex\generic\pgf\libraries\shapes\pgf
libraryshapes.callouts.code.tex))
(C:\Users\Owner\AppData\Roaming\MiKTeX\2.9\tex\generic\pgf\frontendlayer\tikz\l
ibraries\tikzlibraryshapes.multipart.code.tex
File: tikzlibraryshapes.multipart.code.tex 2008/01/09 v2.10 (rcs-revision 1.1)

(C:\Users\Owner\AppData\Roaming\MiKTeX\2.9\tex\generic\pgf\libraries\shapes\pgf
libraryshapes.multipart.code.tex
File: pgflibraryshapes.multipart.code.tex 2010/01/07 v2.10 (rcs-revision 1.2)
\pgfnodepartlowerbox=\box49
\pgfnodeparttwobox=\box50
\pgfnodepartthreebox=\box51
\pgfnodepartfourbox=\box52
\pgfnodeparttwentybox=\box53
\pgfnodepartnineteenbox=\box54
\pgfnodeparteighteenbox=\box55
\pgfnodepartseventeenbox=\box56
\pgfnodepartsixteenbox=\box57
\pgfnodepartfifteenbox=\box58
\pgfnodepartfourteenbox=\box59
\pgfnodepartthirteenbox=\box60
\pgfnodeparttwelvebox=\box61
\pgfnodepartelevenbox=\box62
\pgfnodeparttenbox=\box63
\pgfnodepartninebox=\box64
\pgfnodeparteightbox=\box65
\pgfnodepartsevenbox=\box66
\pgfnodepartsixbox=\box67
\pgfnodepartfivebox=\box68
)))
(C:\Users\Owner\AppData\Roaming\MiKTeX\2.9\tex\generic\pgf\frontendlayer\tikz\l
ibraries\tikzlibrarymatrix.code.tex
File: tikzlibrarymatrix.code.tex 2008/06/18 v2.10 (rcs-revision 1.2)
)
(C:\Users\Owner\AppData\Roaming\MiKTeX\2.9\tex\generic\pgf\frontendlayer\tikz\l
ibraries\tikzlibraryshadows.code.tex
File: tikzlibraryshadows.code.tex 2008/01/13 v2.10 (rcs-revision 1.3)

(C:\Users\Owner\AppData\Roaming\MiKTeX\2.9\tex\generic\pgf\frontendlayer\tikz\l
ibraries\tikzlibraryfadings.code.tex
File: tikzlibraryfadings.code.tex 2009/11/15 v2.10 (rcs-revision 1.2)

(C:\Users\Owner\AppData\Roaming\MiKTeX\2.9\tex\generic\pgf\libraries\pgflibrary
fadings.code.tex
File: pgflibraryfadings.code.tex 2008/02/07 v2.10 (rcs-revision 1.3)
)))
(C:\Users\Owner\AppData\Roaming\MiKTeX\2.9\tex\latex\nomencl\nomencl.sty
Package: nomencl 2005/09/22 v4.2 Nomenclature package (LN)
\nomlabelwidth=\dimen298
\nom@tempdim=\dimen299
\nomitemsep=\skip71
)
\@nomenclaturefile=\write5

Writing nomenclature file thread.nlo
\@indexfile=\write6
Writing index file thread.idx
) (C:/Users/Owner/Dropbox/Math/templates/theorems_with_boxes.tex
\c@thm=\count165

("C:\Program Files (x86)\MiKTeX 2.9\tex\generic\babel\babel.sty"
Package: babel 2008/07/06 v3.8l The Babel package

*************************************
* Local config file bblopts.cfg used
*
("C:\Program Files (x86)\MiKTeX 2.9\tex\latex\00miktex\bblopts.cfg"
File: bblopts.cfg 2006/07/31 v1.0 MiKTeX 'babel' configuration
)
("C:\Program Files (x86)\MiKTeX 2.9\tex\generic\babel\english.ldf"
Language: english 2005/03/30 v3.3o English support from the babel system

("C:\Program Files (x86)\MiKTeX 2.9\tex\generic\babel\babel.def"
File: babel.def 2008/07/06 v3.8l Babel common definitions
\babel@savecnt=\count166
\U@D=\dimen300
)
\l@canadian = a dialect from \language\l@american 
\l@australian = a dialect from \language\l@british 
\l@newzealand = a dialect from \language\l@british 
))
("C:\Program Files (x86)\MiKTeX 2.9\tex\latex\blindtext\blindtext.sty"
Package: blindtext 2012/01/06 V2.0 blindtext-Package

("C:\Program Files (x86)\MiKTeX 2.9\tex\latex\tools\xspace.sty"
Package: xspace 2006/05/08 v1.12 Space after command names (DPC,MH)
)
\c@blindtext=\count167
\c@Blindtext=\count168
\c@blind@countparstart=\count169
\blind@countxx=\count170
\blindtext@numBlindtext=\count171
\blind@countyy=\count172
\c@blindlist=\count173
\c@blindlistlevel=\count174
\c@blindlist@level=\count175
\blind@listitem=\count176
\c@blind@listcount=\count177
\c@blind@levelcount=\count178
\blind@mathformula=\count179
\blind@Mathformula=\count180
\c@blind@randomcount=\count181
\c@blind@randommax=\count182
\c@blind@pangramcount=\count183
\c@blind@pangrammax=\count184
))
(C:/Users/Owner/Dropbox/Math/templates/macros.tex
\symmcy=\mathgroup9
)
(C:/Users/Owner/Dropbox/Math/templates/formatting.tex)
(C:/Users/Owner/Dropbox/Math/templates/other.tex)
(C:/Users/Owner/Dropbox/Math/templates/theorem_num.tex)
(C:/Users/Owner/Dropbox/Math/templates/titlepage.tex)
(C:\Users\Owner\Dropbox\Math\thread.aux

LaTeX Warning: Label `eq:qitex4-1' multiply defined.

)
LaTeX Font Info:    Checking defaults for OML/cmm/m/it on input line 30.
LaTeX Font Info:    ... okay on input line 30.
LaTeX Font Info:    Checking defaults for T1/cmr/m/n on input line 30.
LaTeX Font Info:    ... okay on input line 30.
LaTeX Font Info:    Checking defaults for OT1/cmr/m/n on input line 30.
LaTeX Font Info:    ... okay on input line 30.
LaTeX Font Info:    Checking defaults for OMS/cmsy/m/n on input line 30.
LaTeX Font Info:    ... okay on input line 30.
LaTeX Font Info:    Checking defaults for OMX/cmex/m/n on input line 30.
LaTeX Font Info:    ... okay on input line 30.
LaTeX Font Info:    Checking defaults for U/cmr/m/n on input line 30.
LaTeX Font Info:    ... okay on input line 30.
LaTeX Font Info:    Checking defaults for PD1/pdf/m/n on input line 30.
LaTeX Font Info:    ... okay on input line 30.

*geometry* driver: auto-detecting
*geometry* detected driver: pdftex
*geometry* verbose mode - [ preamble ] result:
* driver: pdftex
* paper: <default>
* layout: <same size as paper>
* layoutoffset:(h,v)=(0.0pt,0.0pt)
* modes: twoside 
* h-part:(L,W,R)=(72.26999pt, 469.75502pt, 72.26999pt)
* v-part:(T,H,B)=(86.72377pt, 621.52245pt, 86.72377pt)
* \paperwidth=614.295pt
* \paperheight=794.96999pt
* \textwidth=469.75502pt
* \textheight=648.0pt
* \oddsidemargin=0.0pt
* \evensidemargin=0.0pt
* \topmargin=-17.42001pt
* \headheight=12.0pt
* \headsep=19.8738pt
* \topskip=12.0pt
* \footskip=30.0pt
* \marginparwidth=98.0pt
* \marginparsep=7.0pt
* \columnsep=10.0pt
* \skip\footins=10.8pt plus 4.0pt minus 2.0pt
* \hoffset=0.0pt
* \voffset=0.0pt
* \mag=1000
* \@twocolumnfalse
* \@twosidetrue
* \@mparswitchtrue
* \@reversemarginfalse
* (1in=72.27pt=25.4mm, 1cm=28.453pt)

(C:\Users\Owner\AppData\Roaming\MiKTeX\2.9\tex\context\base\supp-pdf.mkii
[Loading MPS to PDF converter (version 2006.09.02).]
\scratchcounter=\count185
\scratchdimen=\dimen301
\scratchbox=\box69
\nofMPsegments=\count186
\nofMParguments=\count187
\everyMPshowfont=\toks56
\MPscratchCnt=\count188
\MPscratchDim=\dimen302
\MPnumerator=\count189
\everyMPtoPDFconversion=\toks57
)
\c@lstlisting=\count190
\AtBeginShipoutBox=\box70
Package hyperref Info: Link coloring OFF on input line 30.
 ("C:\Program Files (x86)\MiKTeX 2.9\tex\latex\hyperref\nameref.sty"
Package: nameref 2010/04/30 v2.40 Cross-referencing by name of section

("C:\Program Files (x86)\MiKTeX 2.9\tex\generic\oberdiek\gettitlestring.sty"
Package: gettitlestring 2010/12/03 v1.4 Cleanup title references (HO)
)
\c@section@level=\count191
)
LaTeX Info: Redefining \ref on input line 30.
LaTeX Info: Redefining \pageref on input line 30.
LaTeX Info: Redefining \nameref on input line 30.

(C:\Users\Owner\Dropbox\Math\thread.out)
(C:\Users\Owner\Dropbox\Math\thread.out)
\@outlinefile=\write7
 ABD: EveryShipout initializing macros<<ot1.cmap>><<oml.cmap>><<oms.cmap>>
LaTeX Font Info:    Try loading font information for OMX+yhex on input line 30.


(C:\Users\Owner\AppData\Roaming\MiKTeX\2.9\tex\latex\yhmath\omxyhex.fd
File: OMXyhex.fd 
File: OMXyhex.fd 1996/01/04 v1.0 YH's humble contribution to TeX maths
)
LaTeX Font Info:    External font `yhcmex10' loaded for size
(Font)              <12> on input line 30.
<<omx.cmap>>
LaTeX Font Info:    External font `yhcmex10' loaded for size
(Font)              <8> on input line 30.
LaTeX Font Info:    External font `yhcmex10' loaded for size
(Font)              <6> on input line 30.
LaTeX Font Info:    Try loading font information for U+msa on input line 30.
 ("C:\Program Files (x86)\MiKTeX 2.9\tex\latex\amsfonts\umsa.fd"
File: umsa.fd 2009/06/22 v3.00 AMS symbols A
)
LaTeX Font Info:    Try loading font information for U+msb on input line 30.

("C:\Program Files (x86)\MiKTeX 2.9\tex\latex\amsfonts\umsb.fd"
File: umsb.fd 2009/06/22 v3.00 AMS symbols B
)
LaTeX Font Info:    Try loading font information for U+rsfs on input line 30.

("C:\Program Files (x86)\MiKTeX 2.9\tex\latex\jknappen\ursfs.fd"
File: ursfs.fd 1998/03/24 rsfs font definition file (jk)
)
LaTeX Font Info:    Try loading font information for U+stmry on input line 30.

(C:\Users\Owner\AppData\Roaming\MiKTeX\2.9\tex\latex\stmaryrd\ustmry.fd)
LaTeX Font Info:    Try loading font information for U+wasy on input line 30.

(C:\Users\Owner\AppData\Roaming\MiKTeX\2.9\tex\latex\wasysym\uwasy.fd
File: uwasy.fd 2003/10/30 v2.0 Wasy-2 symbol font definitions
)
Package xypdf Info: Line width: 0.39998pt on input line 30.
 [1

{C:/Users/Owner/AppData/Local/MiKTeX/2.9/pdftex/config/pdftex.map}] [2

]
(C:\Users\Owner\Dropbox\Math\thread.toc [3] [4] [5])
\tf@toc=\write8
 [6]
LaTeX Font Info:    Try loading font information for OT1+pcr on input line 49.

("C:\Program Files (x86)\MiKTeX 2.9\tex\latex\psnfss\ot1pcr.fd"
File: ot1pcr.fd 2001/06/04 font definitions for OT1/pcr.
)<<ot1tt.cmap>>
[7

] [8]
Chapter 1.
[9

]
Overfull \hbox (85.21945pt too wide) in paragraph at lines 140--142
$\OT1/pcr/m/n/12 dl . dropboxusercontent . com / u / 27883775 / math % 20notes 
/ part _ iii _ distributions .$
 []


Overfull \hbox (3.88889pt too wide) in paragraph at lines 142--143
[]$\OT1/pcr/m/n/12 http : / / tex . stackexchange . com / questions / 160500 / 
using-[]qasm2circ$[]\OT1/cmr/m/n/12 ) 
 []


Overfull \hbox (6.01949pt too wide) in paragraph at lines 143--144
$\OT1/pcr/m/n/12 dropboxusercontent . com / u / 27883775 / math % 20notes / par
t _ iii _ combo .$
 []

[10] [11] (C:\Users\Owner\Dropbox\Math\Analysis/analysis.tex [12]
Chapter 2.
(C:\Users\Owner\Dropbox\Math\Analysis/complex/complex.tex)
(C:\Users\Owner\Dropbox\Math\Analysis/fourier/fourier.tex)
(C:\Users\Owner\Dropbox\Math\Analysis/functional/functional.tex [13

] [14]
Overfull \hbox (26.16899pt too wide) in paragraph at lines 58--59
[]\OT1/cmr/m/n/12 See HW3 []$\OT1/pcr/m/n/12 C : \Users \ Owner \ Documents \ H
olden \ Math \ CollegeMath \ Analysis \$
 []

LaTeX Font Info:    Try loading font information for OMS+cmr on input line 92.
("C:\Program Files (x86)\MiKTeX 2.9\tex\latex\base\omscmr.fd"
File: omscmr.fd 1999/05/25 v2.5h Standard LaTeX font definitions
)
LaTeX Font Info:    Font shape `OMS/cmr/m/n' in size <12> not available
(Font)              Font shape `OMS/cmsy/m/n' tried instead on input line 92.
 [15]
<C:/Users/Owner/Dropbox/Math/templates/key.png, id=880, 51.19125pt x 63.98906pt
>
File: C:/Users/Owner/Dropbox/Math/templates/key.png Graphic file (type png)
 <use C:/Users/Owner/Dropbox/Math/templates/key.png>
Package pdftex.def Info: C:/Users/Owner/Dropbox/Math/templates/key.png used on 
input line 106.
(pdftex.def)             Requested size: 17.91719pt x 22.3965pt.

Overfull \hbox (3.46342pt too wide) in paragraph at lines 106--106
[][] 
 []


Overfull \hbox (3.43535pt too wide) in paragraph at lines 106--106
 [] 
 []

[16 <C:/Users/Owner/Dropbox/Math/templates/key.png>] [17]

Package hyperref Warning: Token not allowed in a PDF string (PDFDocEncoding):
(hyperref)                removing `math shift' on input line 203.


Package hyperref Warning: Token not allowed in a PDF string (PDFDocEncoding):
(hyperref)                removing `math shift' on input line 203.


Overfull \hbox (6.01949pt too wide) in paragraph at lines 216--218
[][]$\OT1/pcr/m/n/12 http : / / en . wikipedia . org / wiki / Compact _ operato
r _ on _ Hilbert _ space$[] 
 []


Overfull \hbox (27.61948pt too wide) in paragraph at lines 218--220
[][]$\OT1/pcr/m/n/12 http : / / en . wikipedia . org / wiki / Spectral _ theory
 _ of _ compact _ operators$[] 
 []


Overfull \hbox (42.01947pt too wide) in paragraph at lines 222--223
[][]$\OT1/pcr/m/n/12 http : / / en . wikipedia . org / wiki / Decomposition _ o
f _ spectrum _ (functional _$
 []

Missing character: There is no  in font cmr12!
Missing character: There is no  in font cmr12!
Missing character: There is no  in font cmr12!
[18]
File: C:/Users/Owner/Dropbox/Math/templates/key.png Graphic file (type png)
 <use C:/Users/Owner/Dropbox/Math/templates/key.png>
Package pdftex.def Info: C:/Users/Owner/Dropbox/Math/templates/key.png used on 
input line 274.
(pdftex.def)             Requested size: 17.91719pt x 22.3965pt.

Overfull \hbox (3.46342pt too wide) in paragraph at lines 274--274
[][] 
 []


Overfull \hbox (3.43535pt too wide) in paragraph at lines 274--274
 [] 
 []

[19] [20]
LaTeX Font Info:    External font `yhcmex10' loaded for size
(Font)              <14.4> on input line 331.
LaTeX Font Info:    External font `yhcmex10' loaded for size
(Font)              <10> on input line 331.
LaTeX Font Info:    External font `yhcmex10' loaded for size
(Font)              <7> on input line 331.


Package hyperref Warning: Token not allowed in a PDF string (PDFDocEncoding):
(hyperref)                removing `math shift' on input line 331.


Package hyperref Warning: Token not allowed in a PDF string (PDFDocEncoding):
(hyperref)                removing `superscript' on input line 331.


Package hyperref Warning: Token not allowed in a PDF string (PDFDocEncoding):
(hyperref)                removing `math shift' on input line 331.

[21] [22] [23] [24]
LaTeX Font Info:    External font `yhcmex10' loaded for size
(Font)              <5> on input line 514.
 [25] [26] [27]))
(C:\Users\Owner\Dropbox\Math\Combinatorics/combo.tex [28]
Chapter 3.
(C:\Users\Owner\Dropbox\Math\Combinatorics/ramsey/ramsey.tex
Overfull \hbox (256.4695pt too wide) in paragraph at lines 5--6
[][]$\OT1/pcr/m/n/12 http : / / qchu . wordpress . com / 2010 / 11 / 22 / boole
an-[]rings-[]ultrafilters-[]and-[]stones-[]representation-[]theorem/$[] 
 []

File: C:/Users/Owner/Dropbox/Math/templates/key.png Graphic file (type png)
<use C:/Users/Owner/Dropbox/Math/templates/key.png>
Package pdftex.def Info: C:/Users/Owner/Dropbox/Math/templates/key.png used on 
input line 16.
(pdftex.def)             Requested size: 17.91719pt x 22.3965pt.

Overfull \hbox (3.46342pt too wide) in paragraph at lines 16--16
[][] 
 []


Overfull \hbox (3.43535pt too wide) in paragraph at lines 16--16
 [] 
 []

LaTeX Font Info:    Try loading font information for U+euf on input line 30.
("C:\Program Files (x86)\MiKTeX 2.9\tex\latex\amsfonts\ueuf.fd"
File: ueuf.fd 2009/06/22 v3.00 Euler Fraktur
)
File: C:/Users/Owner/Dropbox/Math/templates/key.png Graphic file (type png)

<use C:/Users/Owner/Dropbox/Math/templates/key.png>
Package pdftex.def Info: C:/Users/Owner/Dropbox/Math/templates/key.png used on 
input line 34.
(pdftex.def)             Requested size: 17.91719pt x 22.3965pt.

Overfull \hbox (3.46342pt too wide) in paragraph at lines 34--34
[][] 
 []


Overfull \hbox (3.43535pt too wide) in paragraph at lines 34--34
 [] 
 []

[29

]
Missing character: There is no  in font cmr12!
Missing character: There is no  in font cmr12!
Missing character: There is no  in font cmr12!
Missing character: There is no  in font cmr12!
Missing character: There is no  in font cmr12!
Missing character: There is no  in font cmr12!
Missing character: There is no  in font cmr12!
Missing character: There is no  in font cmr12!
Missing character: There is no  in font cmr12!

Overfull \hbox (255.9695pt too wide) in paragraph at lines 64--65
[][]$\OT1/pcr/m/n/12 http : / / terrytao . wordpress . com / 2007 / 06 / 25 / u
ltrafilters-[]nonstandard-[]analysis-[]and-[]epsilon-[]management/$[] 
 []

[30]
Overfull \hbox (31.76959pt too wide) in paragraph at lines 88--89
[][]$\OT1/pcr/m/n/12 http : / / qchu . wordpress . com / 2010 / 12 / 14 / ultra
filters-[]in-[]ramsey-[]theory/$[] 
 []

) (C:\Users\Owner\Dropbox\Math\Combinatorics/graph_theory/graph_theory.tex
[31] [32] [33] [34]
File: C:/Users/Owner/Dropbox/Math/templates/key.png Graphic file (type png)
 <use C:/Users/Owner/Dropbox/Math/templates/key.png>
Package pdftex.def Info: C:/Users/Owner/Dropbox/Math/templates/key.png used on 
input line 196.
(pdftex.def)             Requested size: 17.91719pt x 22.3965pt.

Overfull \hbox (3.46342pt too wide) in paragraph at lines 196--196
[][] 
 []


Overfull \hbox (3.43535pt too wide) in paragraph at lines 196--196
 [] 
 []

Missing character: There is no  in font cmr12!
Missing character: There is no  in font cmr12!
Missing character: There is no  in font cmr12!
) (C:\Users\Owner\Dropbox\Math\Combinatorics/techniques/techniques.tex [35]))
(C:\Users\Owner\Dropbox\Math\Computation/computation.tex [36]
Chapter 4.
(C:\Users\Owner\Dropbox\Math\Computation/QIT/qit.tex
Missing character: There is no  in font cmr12!
Missing character: There is no  in font cmr12!
Missing character: There is no  in font cmr12!
 [37

]
Overfull \hbox (3.43535pt too wide) in paragraph at lines 70--70
 [] 
 []

[38] [39]
Overfull \hbox (4.8402pt too wide) in paragraph at lines 149--151
\OT1/cmr/m/n/12 Now con-sider the map $\OML/cmm/m/it/12 B\OT1/cmr/m/n/12 (\OML/
cmm/m/it/12 H\OT1/cmr/m/n/12 ) \OMS/cmsy/m/n/12 
 \OML/cmm/m/it/12 B\OT1/cmr/m/n/12 (\OML/cmm/m/it/12 H\OT1/cmr/m/n/12 ) [] \OML
/cmm/m/it/12 B\OT1/cmr/m/n/12 (\OML/cmm/m/it/12 H \OMS/cmsy/m/n/12 
 \OML/cmm/m/it/12 H\OT1/cmr/m/n/12 )$, $[][] \OML/cmm/m/it/12 A[] \OMS/cmsy/m/n
/12 
 \OML/cmm/m/it/12 A[]$ \OT1/cmr/m/n/12 is mapped to $[][] \OMS/cmsy/m/n/12 j[]i
ihh[]j$\OT1/cmr/m/n/12 .
 []

[40] [41]
Overfull \hbox (14.51674pt too wide) in paragraph at lines 215--216
[]\OT1/cmr/m/n/12 (b) When they com-mute, there is a mu-tual ba-sis of eigen-ve
c-tors. $\OML/cmm/m/it/12 D\OT1/cmr/m/n/12 (\OML/cmm/m/it/12 \OMS/cmsy/m/n/12 
jj\OML/cmm/m/it/12 \OT1/cmr/m/n/12 ) = \OML/cmm/m/it/12 D\OT1/cmr/m/n/12 (\OMS
/cmsy/m/n/12 f\OML/cmm/m/it/12 []\OMS/cmsy/m/n/12 gjjf\OML/cmm/m/it/12 []\OMS
/cmsy/m/n/12 g\OT1/cmr/m/n/12 )$.
 []

[42]
Overfull \hbox (21.9696pt too wide) detected at line 267
[]\OML/cmm/m/it/12 I\OT1/cmr/m/n/12 (\OML/cmm/m/it/12 A \OT1/cmr/m/n/12 : \OML/
cmm/m/it/12 B\OT1/cmr/m/n/12 ) + []\OML/cmm/m/it/12 I\OT1/cmr/m/n/12 (\OML/cmm/
m/it/12 A \OT1/cmr/m/n/12 : \OML/cmm/m/it/12 E\OT1/cmr/m/n/12 ) = [](\OMS/cmsy/
m/n/12  \OML/cmm/m/it/12 AB \OT1/cmr/m/n/12 + \OML/cmm/m/it/12 A \OT1/cmr/m/n/1
2 + \OML/cmm/m/it/12 B \OMS/cmsy/m/n/12   \OML/cmm/m/it/12 AE \OT1/cmr/m/n/12 +
 \OML/cmm/m/it/12 A \OT1/cmr/m/n/12 + \OML/cmm/m/it/12 E\OT1/cmr/m/n/12 ) = [](
\OML/cmm/m/it/12 B \OT1/cmr/m/n/12 + \OML/cmm/m/it/12 E \OMS/cmsy/m/n/12   \OML
/cmm/m/it/12 AB \OMS/cmsy/m/n/12   \OML/cmm/m/it/12 AE\OT1/cmr/m/n/12 ) + \OML/
cmm/m/it/12 A \OT1/cmr/m/n/12 = \OML/cmm/m/it/12 A:
 []

[43] [44] [45] [46] [47]
Missing character: There is no  in font cmr12!
Missing character: There is no  in font cmr12!
Missing character: There is no  in font cmr12!
)
(C:\Users\Owner\Dropbox\Math\Computation/quantum_computation/qcomp.tex
Overfull \hbox (16.10854pt too wide) in paragraph at lines 16--18
[]\OT1/cmr/m/n/12 Toffoli and Hadamard are uni-ver-sal. []$\OT1/pcr/m/n/12 http
 : / / www . arxiv . org / abs / quant-[]ph /$
 []

Missing character: There is no  in font cmr12!
Missing character: There is no  in font cmr12!
Missing character: There is no  in font cmr12!
[48] [49]
File: C:/Users/Owner/Dropbox/Math/templates/key.png Graphic file (type png)
 <use C:/Users/Owner/Dropbox/Math/templates/key.png>
Package pdftex.def Info: C:/Users/Owner/Dropbox/Math/templates/key.png used on 
input line 72.
(pdftex.def)             Requested size: 17.91719pt x 22.3965pt.

Overfull \hbox (3.46342pt too wide) in paragraph at lines 72--72
[][] 
 []


Overfull \hbox (58.65973pt too wide) in paragraph at lines 72--72
 [] 
 []


Overfull \hbox (2.21283pt too wide) in paragraph at lines 95--96
[]\OT1/cmr/m/n/12 Applying $\OML/cmm/m/it/12 H$ \OT1/cmr/m/n/12 to each qubit g
ives $[][]$. Ap-ply-ing $\OML/cmm/m/it/12 U[]$ \OT1/cmr/m/n/12 gives $[] [][] \
OMS/cmsy/m/n/12 j\OML/cmm/m/it/12 a\OMS/cmsy/m/n/12 ij[]i$\OT1/cmr/m/n/12 .
 []

[50] [51]
Missing character: There is no  in font cmr12!
Missing character: There is no  in font cmr12!
Missing character: There is no  in font cmr12!
)) (C:\Users\Owner\Dropbox\Math\Geometry/geometry.tex [52]
Chapter 5.
(C:\Users\Owner\Dropbox\Math\Geometry/riemannian/riemannian.tex

Package hyperref Warning: Difference (2) between bookmark levels is greater 
(hyperref)                than one, level fixed on input line 1.

[53

]) (C:\Users\Owner\Dropbox\Math\Geometry/algebraic_geometry/ag.tex [54]
<xymatrix 2x2 120> [55]
Missing character: There is no  in font cmr12!
Missing character: There is no  in font cmr12!
Missing character: There is no  in font cmr12!
Missing character: There is no  in font cmr12!
Missing character: There is no  in font cmr12!
Missing character: There is no  in font cmr12!
 [56]
Missing character: There is no  in font cmr12!
Missing character: There is no  in font cmr12!
Missing character: There is no  in font cmr12!
Missing character: There is no  in font cmr12!
Missing character: There is no  in font cmr12!
Missing character: There is no  in font cmr12!
 [57]))
(C:\Users\Owner\Dropbox\Math\Probability/probability.tex [58]
Chapter 6.

Overfull \hbox (8.33783pt too wide) in paragraph at lines 8--10
[]\OT1/cmr/m/n/12 Scott Sheffield 18.175 []$\OT1/pcr/m/n/12 http : / / math . m
it . edu / []sheffield / fall2012math175 .$
 []

[59

] [60] [61] [62]
File: C:/Users/Owner/Dropbox/Math/templates/key.png Graphic file (type png)
 <use C:/Users/Owner/Dropbox/Math/templates/key.png>
Package pdftex.def Info: C:/Users/Owner/Dropbox/Math/templates/key.png used on 
input line 218.
(pdftex.def)             Requested size: 17.91719pt x 22.3965pt.

Overfull \hbox (3.46342pt too wide) in paragraph at lines 218--218
[][] 
 []


Overfull \hbox (3.43535pt too wide) in paragraph at lines 218--218
 [] 
 []


Overfull \hbox (3.43535pt too wide) in paragraph at lines 236--236
 [] 
 []

File: C:/Users/Owner/Dropbox/Math/templates/key.png Graphic file (type png)
<use C:/Users/Owner/Dropbox/Math/templates/key.png>
Package pdftex.def Info: C:/Users/Owner/Dropbox/Math/templates/key.png used on 
input line 247.
(pdftex.def)             Requested size: 17.91719pt x 22.3965pt.

Overfull \hbox (3.46342pt too wide) in paragraph at lines 247--247
[][] 
 []


Overfull \hbox (3.43535pt too wide) in paragraph at lines 247--247
 [] 
 []

[63]
File: C:/Users/Owner/Dropbox/Math/templates/key.png Graphic file (type png)
 <use C:/Users/Owner/Dropbox/Math/templates/key.png>
Package pdftex.def Info: C:/Users/Owner/Dropbox/Math/templates/key.png used on 
input line 286.
(pdftex.def)             Requested size: 17.91719pt x 22.3965pt.

Overfull \hbox (3.46342pt too wide) in paragraph at lines 286--286
[][] 
 []


Overfull \hbox (3.43535pt too wide) in paragraph at lines 286--286
 [] 
 []

File: C:/Users/Owner/Dropbox/Math/templates/key.png Graphic file (type png)
<use C:/Users/Owner/Dropbox/Math/templates/key.png>
Package pdftex.def Info: C:/Users/Owner/Dropbox/Math/templates/key.png used on 
input line 292.
(pdftex.def)             Requested size: 17.91719pt x 22.3965pt.

Overfull \hbox (3.46342pt too wide) in paragraph at lines 292--292
[][] 
 []


Overfull \hbox (3.43535pt too wide) in paragraph at lines 292--292
 [] 
 []


Overfull \hbox (76.69879pt too wide) in paragraph at lines 306--307
[]\OT1/cmr/m/n/12 Define the Bern-stein poly-no-mial $\OML/cmm/m/it/12 f[]\OT1/
cmr/m/n/12 (\OML/cmm/m/it/12 x\OT1/cmr/m/n/12 ) = [][] []\OML/cmm/m/it/12 x[]\O
T1/cmr/m/n/12 (1 \OMS/cmsy/m/n/12   \OML/cmm/m/it/12 x\OT1/cmr/m/n/12 )[]\OML/c
mm/m/it/12 f []$\OT1/cmr/m/n/12 . Then $[][] [][] \OMS/cmsy/m/n/12 j\OML/cmm/m/
it/12 f[]\OT1/cmr/m/n/12 (\OML/cmm/m/it/12 x\OT1/cmr/m/n/12 ) \OMS/cmsy/m/n/12 
 $
 []

[64]
File: C:/Users/Owner/Dropbox/Math/templates/key.png Graphic file (type png)
 <use C:/Users/Owner/Dropbox/Math/templates/key.png>
Package pdftex.def Info: C:/Users/Owner/Dropbox/Math/templates/key.png used on 
input line 340.
(pdftex.def)             Requested size: 17.91719pt x 22.3965pt.

Overfull \hbox (3.46342pt too wide) in paragraph at lines 340--340
[][] 
 []


Overfull \hbox (3.43535pt too wide) in paragraph at lines 340--340
 [] 
 []

[65]
Missing character: There is no  in font cmr12!
Missing character: There is no  in font cmr12!
Missing character: There is no  in font cmr12!
 [66] [67] [68] [69]
Overfull \hbox (10.62791pt too wide) in paragraph at lines 597--598
\OT1/cmr/m/n/12 See []$\OT1/pcr/m/n/12 http : / / www . math . uconn . edu / []
kconrad / blurbs / analysis / diffunderint .$
 []

[70]
File: C:/Users/Owner/Dropbox/Math/templates/key.png Graphic file (type png)
 <use C:/Users/Owner/Dropbox/Math/templates/key.png>
Package pdftex.def Info: C:/Users/Owner/Dropbox/Math/templates/key.png used on 
input line 624.
(pdftex.def)             Requested size: 17.91719pt x 22.3965pt.

Overfull \hbox (3.46342pt too wide) in paragraph at lines 624--624
[][] 
 []


Overfull \hbox (32.81004pt too wide) in paragraph at lines 624--624
 [] 
 []

File: C:/Users/Owner/Dropbox/Math/templates/key.png Graphic file (type png)
<use C:/Users/Owner/Dropbox/Math/templates/key.png>
Package pdftex.def Info: C:/Users/Owner/Dropbox/Math/templates/key.png used on 
input line 638.
(pdftex.def)             Requested size: 17.91719pt x 22.3965pt.

Overfull \hbox (3.46342pt too wide) in paragraph at lines 638--638
[][] 
 []


Overfull \hbox (58.65973pt too wide) in paragraph at lines 638--638
 [] 
 []

Missing character: There is no  in font cmr12!
Missing character: There is no  in font cmr12!
Missing character: There is no  in font cmr12!

Overfull \hbox (2.59842pt too wide) in paragraph at lines 644--646
[]\OT1/cmr/m/n/12 Pset 1 []$\OT1/pcr/m/n/12 http : / / www . statslab . cam . a
c . uk / []ps422 / ex-[]sheet-[]1 . pdf$[] []$http : / /$
 []

[71]
Overfull \hbox (33.17229pt too wide) detected at line 656
[] [] [] [][] \OML/cmm/m/it/12 h\OT1/cmr/m/n/12 (\OML/cmm/m/it/12 u\OT1/cmr/m/n
/12 ) \OML/cmm/m/it/12 due[] dx e[] dy \OT1/cmr/m/n/12 = [] [][] \OML/cmm/m/i
t/12 e[] d\OT1/cmr/m/n/12 (\OML/cmm/m/it/12 x \OT1/cmr/m/n/12 + \OML/cmm/m/it/
12 y \OT1/cmr/m/n/12 = \OML/cmm/m/it/12 z\OT1/cmr/m/n/12 ) \OML/cmm/m/it/12 d\O
T1/cmr/m/n/12 ([]) = [] [][] \OML/cmm/m/it/12 h\OT1/cmr/m/n/12 (\OML/cmm/m/it/1
2 u\OT1/cmr/m/n/12 ) \OML/cmm/m/it/12 du:
 []

Missing character: There is no  in font cmr12!
Missing character: There is no  in font cmr12!
Missing character: There is no  in font cmr12!
[72] [73] [74]
Underfull \vbox (badness 10000) has occurred while \output is active []

 [75]
Overfull \hbox (30.86502pt too wide) detected at line 840
\U/msb/m/n/12 P\OT1/cmr/m/n/12 (\OML/cmm/m/it/12 ![]\OT1/cmr/m/n/12 ) \OMS/cmsy
/m/n/12  \U/msb/m/n/12 P\OT1/cmr/m/n/12 (\OML/cmm/m/it/12 ![]\OT1/cmr/m/n/12 )

 []


Overfull \hbox (42.38957pt too wide) detected at line 845
\OML/cmm/m/it/12  [] \OT1/cmr/m/n/12 = \U/msb/m/n/12 P\OT1/cmr/m/n/12 (\OML/cm
m/m/it/12 ![]\OT1/cmr/m/n/12 ) \OMS/cmsy/m/n/12  \U/msb/m/n/12 P\OT1/cmr/m/n/1
2 (\OML/cmm/m/it/12 ![]\OT1/cmr/m/n/12 ) = \OML/cmm/m/it/12  [] \OT1/cmr/m/n/1
2 = 0\OML/cmm/m/it/12 :
 []


Overfull \hbox (13.6194pt too wide) in paragraph at lines 849--850
[]\OT1/cmr/m/n/12 (4.2) For a set $\OML/cmm/m/it/12 A[] \OMS/cmsy/m/n/12  f\OT
1/cmr/m/n/12 0\OML/cmm/m/it/12 ; \OT1/cmr/m/n/12 1\OMS/cmsy/m/n/12 g[]$ \OT1/cm
r/m/n/12 and $\OML/cmm/m/it/12 i \OT1/cmr/m/n/12 = 0$ or 1, write $\OML/cmm/m/i
t/12 A[]i \OT1/cmr/m/n/12 = []$.
 []

[76]
Missing character: There is no  in font cmr12!
Missing character: There is no  in font cmr12!
Missing character: There is no  in font cmr12!
 [77]
Overfull \hbox (103.13342pt too wide) in paragraph at lines 944--944
[] 
 []

) (C:\Users\Owner\Dropbox\Math\Statistics/stat.tex [78]
Chapter 7.
Missing character: There is no  in font cmr12!
Missing character: There is no  in font cmr12!
Missing character: There is no  in font cmr12!
Missing character: There is no  in font cmr12!
Missing character: There is no  in font cmr12!
Missing character: There is no  in font cmr12!
Missing character: There is no  in font cmr12!
Missing character: There is no  in font cmr12!
Missing character: There is no  in font cmr12!
Missing character: There is no  in font cmr12!
Missing character: There is no  in font cmr12!
Missing character: There is no  in font cmr12!
[79

]
Missing character: There is no  in font cmr12!
Missing character: There is no  in font cmr12!
Missing character: There is no  in font cmr12!
Missing character: There is no  in font cmr12!
Missing character: There is no  in font cmr12!
Missing character: There is no  in font cmr12!
Missing character: There is no  in font cmr12!
Missing character: There is no  in font cmr12!
Missing character: There is no  in font cmr12!
) (C:\Users\Owner\Dropbox\Math\Logic/logic.tex [80]
Chapter 8.
[81

]
File: C:/Users/Owner/Dropbox/Math/templates/key.png Graphic file (type png)
 <use C:/Users/Owner/Dropbox/Math/templates/key.png>
Package pdftex.def Info: C:/Users/Owner/Dropbox/Math/templates/key.png used on 
input line 80.
(pdftex.def)             Requested size: 17.91719pt x 22.3965pt.

Overfull \hbox (3.46342pt too wide) in paragraph at lines 80--80
[][] 
 []


Overfull \hbox (3.43535pt too wide) in paragraph at lines 80--80
 [] 
 []

[82]
File: C:/Users/Owner/Dropbox/Math/templates/key.png Graphic file (type png)
 <use C:/Users/Owner/Dropbox/Math/templates/key.png>
Package pdftex.def Info: C:/Users/Owner/Dropbox/Math/templates/key.png used on 
input line 112.
(pdftex.def)             Requested size: 17.91719pt x 22.3965pt.

Overfull \hbox (3.46342pt too wide) in paragraph at lines 112--112
[][] 
 []


Overfull \hbox (32.81004pt too wide) in paragraph at lines 112--112
 [] 
 []

[83]
Overfull \hbox (45.371pt too wide) in paragraph at lines 119--120
\OT1/cmr/m/n/12 none is go-ing to be a sub-set. $\OML/cmm/m/it/12 B[] \OT1/cmr/
m/n/12 = \OML/cmm/m/it/12 B[] \OMS/cmsy/m/n/12 [ f[]\OML/cmm/m/it/12 Z[]\OMS/cm
sy/m/n/12 n []g$\OT1/cmr/m/n/12 .
 []


Overfull \hbox (24.70534pt too wide) in paragraph at lines 120--122
[]\OT1/cmr/m/n/12 (iv) take union of stuff stopped af-ter $\OML/cmm/m/it/12 a$ 
\OT1/cmr/m/n/12 stages. $\OML/cmm/m/it/12 X[] \OT1/cmr/m/n/12 = [] = []$.
 []

[84] <xymatrix 3x2 170> [85] <xymatrix 2x2 188> <xymatrix 2x2 188> <xymatrix
2x2 188>) ("C:\Users\Owner\Dropbox\Math\Number Theory/number.tex" [86]
Chapter 9.
("C:\Users\Owner\Dropbox\Math\Number Theory/intro.tex"

LaTeX Warning: Reference `sec:ant' on page 87 undefined on input line 13.

[87

])
("C:\Users\Owner\Dropbox\Math\Number Theory/Algebraic_number_theory/ant.tex"
[88]
Underfull \hbox (badness 10000) in paragraph at lines 55--55
[][]\OT1/cmr/m/n/10 We fol-low the dis-cus-sion in []$\OT1/pcr/m/n/10 http : / 
/ math . stackexchange . com / questions / 292104 /$
 []


Underfull \vbox (badness 10000) has occurred while \output is active []

 [89]
Underfull \vbox (badness 10000) has occurred while \output is active []

 [90]
[91]

LaTeX Warning: Reference `luk-in-h' on page 92 undefined on input line 158.


LaTeX Warning: Reference `luk-in-h' on page 92 undefined on input line 168.

LaTeX Font Info:    Font shape `OMS/cmr/m/n' in size <10> not available
(Font)              Font shape `OMS/cmsy/m/n' tried instead on input line 181.
[92] [93] [94] [95]
Overfull \hbox (419.82774pt too wide) in paragraph at lines 335--336
\OT1/cmr/m/n/12 See []$\OT1/pcr/m/n/12 http : / / mathoverflow . net / question
s / 25707 / intuition-[]for-[]a-[]formula-[]that-[]expresses-[]the-[]class-[]nu
mber-[]of-[]an-[]imaginary-[]quadrati$[]
 []


Overfull \hbox (219.18948pt too wide) in paragraph at lines 383--383
[][]\OT1/cmr/m/n/10 See []$\OT1/pcr/m/n/10 http : / / math . stackexchange . co
m / questions / 2561 / eulers-[]remarkable-[]prime-[]producing-[]polynomial-[]a
nd-[]quadratic-[]ufds$[]\OT1/cmr/m/n/10 .| 
 []


Underfull \hbox (badness 10000) in paragraph at lines 385--385
[][]\OT1/cmr/m/n/10 See []$\OT1/pcr/m/n/10 http : / / en . wikipedia . org / wi
ki / Ulam _ spiral # Hardy _ and _ Littlewood . 27s _$
 []

[96] [97] [98] [99]
Overfull \hbox (484.63293pt too wide) in paragraph at lines 582--639
\OT1/cmr/m/n/12 Answer to []$\OT1/pcr/m/n/12 http : / / math . stackexchange . 
com / questions / 596195 / conceptual-[]reason-[]why-[]a-[]quadratic-[]field-[]
has-[]1-[]as-[]a-[]norm-[]if-[]and-[]only-[]if-[]it-[]is ?$
 []


Overfull \hbox (130.85541pt too wide) in paragraph at lines 697--698
[]\OT1/cmr/m/n/12 I'll re-fer to my notes for some pre-cise state-ments and def
-i-ni-tions: http://web.mit.edu/ holden1/www/math/ant.pdf. 
 []


Overfull \hbox (23.02559pt too wide) in paragraph at lines 707--709
[]\OT1/cmr/m/n/12 Every abelian ex-ten-sion $\OML/cmm/m/it/12 L=\U/msb/m/n/12 Q
$ \OT1/cmr/m/n/12 cor-re-sponds to $(\OML/cmm/m/it/12 N; m\OT1/cmr/m/n/12 )$ wh
ere $\OML/cmm/m/it/12 N \OMS/cmsy/m/n/12  \OT1/cmr/m/n/12 (\U/msb/m/n/12 Z\OML
/cmm/m/it/12 =m\OT1/cmr/m/n/12 )[]$ sat-is-fies $(\U/msb/m/n/12 Z\OML/cmm/m/it/
12 =m\OT1/cmr/m/n/12 )[]\OML/cmm/m/it/12 =N []$
 []

[100] [101]
Overfull \hbox (40.47562pt too wide) in paragraph at lines 757--759
[]\OT1/cmr/m/n/12 For the sums $\OML/cmm/m/it/12 U\OT1/cmr/m/n/12 (\OML/cmm/m/i
t/12 n\OT1/cmr/m/n/12 )$ from Lemma 7.1, we are sum-ming over vec-tors $(\OML/c
mm/m/it/12 x; x[]; x[]; [] ; x[]\OT1/cmr/m/n/12 )\OML/cmm/m/it/12 ; \OT1/cmr/m/
n/12 (\OML/cmm/m/it/12 y; y[]; [] ; y[]\OT1/cmr/m/n/12 )$,
 []


Overfull \hbox (4.55962pt too wide) in paragraph at lines 794--794
[] 
 []

[102]
Overfull \hbox (66.70886pt too wide) in paragraph at lines 816--816
[] 
 []

) [103] ("C:\Users\Owner\Dropbox\Math\Number Theory/Elliptic_curves/elliptic.te
x"
Missing character: There is no  in font cmr12!
Missing character: There is no  in font cmr12!
Missing character: There is no  in font cmr12!
 [104] [105]
Overfull \hbox (28.95334pt too wide) in paragraph at lines 114--115
[][][][][][][][][][][][][][][][][][][][][][][][][][][] 
 []


Overfull \hbox (42.09344pt too wide) in paragraph at lines 115--116
[][][][][][][][][][][][][][][][][][][][][][][][][][][][][][][][][][][][] 
 []


Overfull \hbox (390.30626pt too wide) in paragraph at lines 117--118
[][][][][][][][][][][][][][][][][][][][][][][][][][][][][][][][][][][][][][][][
][][][][][][][][][][][][][][][][][][][][][][][][][][][][][][][][][][][][][][][]
[][][][][][][][][][][][][] 
 []


Overfull \hbox (48.6635pt too wide) in paragraph at lines 123--124
[][][][][][][][][][][][][][][][][][][][][][][][][][][][][][] 
 []

[106]
Overfull \hbox (35.52339pt too wide) in paragraph at lines 124--125
[][][][][][][][][][][][][][][][][][][][][][][][][][][][][][][][][][] 
 []

[107]
Overfull \hbox (63.92697pt too wide) in paragraph at lines 188--188
[] 
 []


Overfull \hbox (102.5917pt too wide) in paragraph at lines 196--196
[] 
 []

[108]
Missing character: There is no  in font cmr12!
Missing character: There is no  in font cmr12!
Missing character: There is no  in font cmr12!
 [109]
Overfull \hbox (54.80302pt too wide) in paragraph at lines 296--297
[][][][][][][][][][][][][][][][][][][][][][][][][][][] 
 []


Overfull \hbox (41.66292pt too wide) in paragraph at lines 297--298
[][][][][][][][][][][][][][][][][][][][][][][][][][][][][][][][][][][][] 
 []


Overfull \hbox (54.80302pt too wide) in paragraph at lines 300--301
[][][][][][][][][][][][][][][][][][][][][][][][][][][] 
 []


Overfull \hbox (67.94313pt too wide) in paragraph at lines 301--302
[][][][][][][][][][][][][][][][][][][][][][][][][][][][][][][][][][][][][][][][
] 
 []


Overfull \hbox (54.80302pt too wide) in paragraph at lines 304--305
[][][][][][][][][][][][][][][][][][][][][][][][][][][] 
 []


Overfull \hbox (35.09286pt too wide) in paragraph at lines 305--306
[][][][][][][][][][][][][][][][][][][][][][][][][][][][][][][][][][][][][][][] 

 []


Overfull \hbox (54.80302pt too wide) in paragraph at lines 308--309
[][][][][][][][][][][][][][][][][][][][][][][][][][][] 
 []


Overfull \hbox (35.09286pt too wide) in paragraph at lines 309--310
[][][][][][][][][][][][][][][][][][][][][][][][][][][][][][][][][][][][][][][] 

 []

[110]
LaTeX Font Info:    Font shape `OT1/pcr/m/it' in size <10.95> not available
(Font)              Font shape `OT1/pcr/m/sl' tried instead on input line 338.

Overfull \hbox (88.08382pt too wide) in paragraph at lines 339--340
[][][][][][][][][][][][][][][][][][][][][][][] 
 []


Overfull \hbox (232.62498pt too wide) in paragraph at lines 354--355
[][][][][][][][][][][][][][][][][][][][][][][][][][][][] 
 []


Overfull \hbox (15.81323pt too wide) in paragraph at lines 368--369
[][][][][][][][][][][][][][] 
 []

[111]
File: C:/Users/Owner/Dropbox/Math/templates/key.png Graphic file (type png)
 <use C:/Users/Owner/Dropbox/Math/templates/key.png>
Package pdftex.def Info: C:/Users/Owner/Dropbox/Math/templates/key.png used on 
input line 409.
(pdftex.def)             Requested size: 17.91719pt x 22.3965pt.

Overfull \hbox (3.46342pt too wide) in paragraph at lines 409--409
[][] 
 []


Overfull \hbox (32.81004pt too wide) in paragraph at lines 409--409
 [] 
 []

[112] [113] [114] <xymatrix 2x2 168> [115]
Overfull \hbox (469.1469pt too wide) in paragraph at lines 623--624
[][][][][][][][][][][][][][][][][][][][][][][][][][][][][][][][][][][][][][][][
][][][][][][][][][][][][][][][][][][][][][][][][][][][][][][][][][][][][][][] 
 []


Overfull \hbox (42.09344pt too wide) in paragraph at lines 626--627
[][][][][][][][][][][][][][][][][][][][][][][][][][][][][][][][][][][][] 
 []


Overfull \hbox (42.09344pt too wide) in paragraph at lines 628--629
[][][][][][][][][][][][][][][][][][][][][][][][][][][][][][][][][][][][] 
 []


Underfull \vbox (badness 10000) has occurred while \output is active []

 [116]
Overfull \hbox (74.94371pt too wide) in paragraph at lines 658--659
[][][][][][][][][][][][][][][][][][][][][][][][][][][][][][][][][][][][][][][][
][][][][][][][][][][][][][][][][][] 
 []

[117] [118] [119]
Underfull \vbox (badness 10000) has occurred while \output is active []

 [120]
Underfull \vbox (badness 10000) has occurred while \output is active []

 [121]
[122]
Overfull \hbox (38.29257pt too wide) detected at line 948
[] \OML/cmm/m/it/12 E\OT1/cmr/m/n/12 (\U/msb/m/n/12 Q\OT1/cmr/m/n/12 ) = [][] \
OMS/cmsy/m/n/12 j[]\OT1/cmr/m/n/12 (\OML/cmm/m/it/12 []\OT1/cmr/m/n/12 )\OMS/c
msy/m/n/12 j \OT1/cmr/m/n/12 + [][] \OMS/cmsy/m/n/12 j[]\OT1/cmr/m/n/12 (\OML/c
mm/m/it/12 []\OT1/cmr/m/n/12 )\OMS/cmsy/m/n/12 j   \OT1/cmr/m/n/12 2 \OMS/cmsy
/m/n/12  \OT1/cmr/m/n/12 (\OML/cmm/m/it/12 \OT1/cmr/m/n/12 (\OML/cmm/m/it/12 
b\OT1/cmr/m/n/12 ) + 1) + (\OML/cmm/m/it/12 \OT1/cmr/m/n/12 (\OML/cmm/m/it/12 
a[] \OMS/cmsy/m/n/12   \OT1/cmr/m/n/12 4\OML/cmm/m/it/12 b\OT1/cmr/m/n/12 ) + 1
) \OMS/cmsy/m/n/12   \OT1/cmr/m/n/12 2 = \OML/cmm/m/it/12 \OT1/cmr/m/n/12 (\OM
L/cmm/m/it/12 b\OT1/cmr/m/n/12 ) + \OML/cmm/m/it/12 \OT1/cmr/m/n/12 (\OML/cmm/
m/it/12 a[] \OMS/cmsy/m/n/12   \OT1/cmr/m/n/12 4\OML/cmm/m/it/12 b\OT1/cmr/m/n/
12 )\OML/cmm/m/it/12 :
 []

<xymatrix 5x5 918>
Overfull \hbox (39.47743pt too wide) detected at line 976
[]
 []


Underfull \vbox (badness 1286) has occurred while \output is active []

 [123])
("C:\Users\Owner\Dropbox\Math\Number Theory/Additive_combinatorics/ac.tex"
Missing character: There is no  in font cmr12!
Missing character: There is no  in font cmr12!
Missing character: There is no  in font cmr12!

[124]
File: C:/Users/Owner/Dropbox/Math/templates/key.png Graphic file (type png)
 <use C:/Users/Owner/Dropbox/Math/templates/key.png>
Package pdftex.def Info: C:/Users/Owner/Dropbox/Math/templates/key.png used on 
input line 33.
(pdftex.def)             Requested size: 17.91719pt x 22.3965pt.

Overfull \hbox (3.46342pt too wide) in paragraph at lines 33--33
[][] 
 []


Overfull \hbox (32.81004pt too wide) in paragraph at lines 33--33
 [] 
 []


LaTeX Warning: Reference `lem:e(ax+b)' on page 125 undefined on input line 45.


LaTeX Warning: Reference `lem:e(ax+b)2' on page 125 undefined on input line 46.



LaTeX Warning: Reference `' on page 125 undefined on input line 48.

[125] [126]
Overfull \hbox (7.89891pt too wide) detected at line 165
\OML/cmm/m/it/12 b \OMS/cmsy/m/n/12   \OML/cmm/m/it/12 a \OMS/cmsy/m/n/12   \OT
1/cmr/m/n/12 2\OML/cmm/m/it/12 " \OMS/cmsy/m/n/12  [][] \OML/cmm/m/it/12 f\OT1
/cmr/m/n/12 (\OML/cmm/m/it/12 x\OT1/cmr/m/n/12 ) \OML/cmm/m/it/12 dx \OMS/cmsy/
m/n/12  [] []  [] []  [] [] \OT1/cmr/m/n/12 = [][] \OML/cmm/m/it/12 g\OT1/cm
r/m/n/12 (\OML/cmm/m/it/12 x\OT1/cmr/m/n/12 ) \OML/cmm/m/it/12 dx \OMS/cmsy/m/n
/12  \OML/cmm/m/it/12 b \OMS/cmsy/m/n/12   \OML/cmm/m/it/12 a \OT1/cmr/m/n/12 
+ 2\OML/cmm/m/it/12 ":
 []

[127] [128]

LaTeX Warning: Reference `fn+r-fn' on page 129 undefined on input line 228.

[129] [130]

Package hyperref Warning: Token not allowed in a PDF string (PDFDocEncoding):
(hyperref)                removing `math shift' on input line 352.


Package hyperref Warning: Token not allowed in a PDF string (PDFDocEncoding):
(hyperref)                removing `\alpha' on input line 352.


Package hyperref Warning: Token not allowed in a PDF string (PDFDocEncoding):
(hyperref)                removing `\beta' on input line 352.


Package hyperref Warning: Token not allowed in a PDF string (PDFDocEncoding):
(hyperref)                removing `math shift' on input line 352.

[131]

LaTeX Warning: Reference `lem:weyl2' on page 132 undefined on input line 395.

[132]

Package hyperref Warning: Token not allowed in a PDF string (PDFDocEncoding):
(hyperref)                removing `math shift' on input line 444.


Package hyperref Warning: Token not allowed in a PDF string (PDFDocEncoding):
(hyperref)                removing `math shift' on input line 444.

[133]
Missing character: There is no  in font cmr12!
Missing character: There is no  in font cmr12!
Missing character: There is no  in font cmr12!
 [134]
Overfull \hbox (0.51631pt too wide) in paragraph at lines 562--563
[]\OT1/cmr/m/n/12 The pull-back of the box $[\OMS/cmsy/m/n/12  \OML/cmm/m/it/12
 "; "\OT1/cmr/m/n/12 ][]$ un-der the map $\U/msb/m/n/12 Z\OML/cmm/m/it/12 =N\U/
msb/m/n/12 Z \OMS/cmsy/m/n/12 ! \OT1/cmr/m/n/12 (\U/msb/m/n/12 R\OML/cmm/m/it/1
2 =\U/msb/m/n/12 Z\OT1/cmr/m/n/12 )[]$ given by $[]$. 
 []

[135]
File: C:/Users/Owner/Dropbox/Math/templates/key.png Graphic file (type png)
 <use C:/Users/Owner/Dropbox/Math/templates/key.png>
Package pdftex.def Info: C:/Users/Owner/Dropbox/Math/templates/key.png used on 
input line 618.
(pdftex.def)             Requested size: 17.91719pt x 22.3965pt.

Overfull \hbox (3.46342pt too wide) in paragraph at lines 618--618
[][] 
 []


Overfull \hbox (3.43535pt too wide) in paragraph at lines 618--618
 [] 
 []

[136]

Package hyperref Warning: Token not allowed in a PDF string (PDFDocEncoding):
(hyperref)                removing `math shift' on input line 641.


Package hyperref Warning: Token not allowed in a PDF string (PDFDocEncoding):
(hyperref)                removing `math shift' on input line 641.

[137]
Missing character: There is no  in font cmr12!
Missing character: There is no  in font cmr12!
Missing character: There is no  in font cmr12!
 [138]
Overfull \hbox (4.29263pt too wide) in paragraph at lines 754--756
[]\OT1/cmr/m/n/12 To look at: []$\OT1/pcr/m/n/12 http : / / link . springer . c
om / book / 10 . 1007 / 978-[]3-[]642-[]14444-[]8$[]
 []

[139]
Missing character: There is no  in font cmr12!
Missing character: There is no  in font cmr12!
Missing character: There is no  in font cmr12!

Overfull \hbox (26.90962pt too wide) in paragraph at lines 786--789
[]\OT1/cmr/m/n/12 We know $[][] \OMS/cmsy/m/n/12 j[]\OT1/cmr/m/n/12 (\OML/cmm/m
/it/12 r\OT1/cmr/m/n/12 )\OMS/cmsy/m/n/12 j  \OML/cmm/m/it/12 c[]N$ \OT1/cmr/
m/n/12 im-plies $\OML/cmm/m/it/12 A \OMS/cmsy/m/n/12  \OML/cmm/m/it/12 A$ \OT1
/cmr/m/n/12 is ap-prox-i-mately con-stant, and $[][] \OMS/cmsy/m/n/12 j[]\OT1/c
mr/m/n/12 (\OML/cmm/m/it/12 r\OT1/cmr/m/n/12 )\OMS/cmsy/m/n/12 j $
 []

[140] [141] [142]
Overfull \hbox (4.30731pt too wide) in paragraph at lines 907--907
[]\OT1/cmr/m/n/12 (b) $[][] \OMS/cmsy/m/n/12  [][] [][]$\OT1/cmr/m/n/12 , $[][
] \OMS/cmsy/m/n/12  \OT1/cmr/m/n/12 1$. (ac-tu-ally prod-uct) Key re-sult: $\U
/msb/m/n/12 E[]\OML/cmm/m/it/12 f\OT1/cmr/m/n/12 (\OML/cmm/m/it/12 x\OT1/cmr/m/
n/12 )\OML/cmm/m/it/12 f\OT1/cmr/m/n/12 (\OML/cmm/m/it/12 x \OT1/cmr/m/n/12 +$
 []

[143]
Overfull \hbox (23.75632pt too wide) in paragraph at lines 942--943
[]\OT1/cmr/m/n/12 Abstract: If $\OMS/cmsy/m/n/12 < [][] \OML/cmm/m/it/12 a[] \O
MS/cmsy/m/n/12  \OT1/cmr/m/n/12 0$ and $\OML/cmm/m/it/12 x \OMS/cmsy/m/n/12 2 
\OML/cmm/m/it/12 B\OT1/cmr/m/n/12 (\OML/cmm/m/it/12 R; "\OT1/cmr/m/n/12 )$ then
 $\OMS/cmsy/m/n/12 < [][] \OML/cmm/m/it/12 a[]e [] \OMS/cmsy/m/n/12    [] []\O
T1/cmr/m/n/12 (2\OML/cmm/m/it/12 "\OT1/cmr/m/n/12 )$.
 []

[144]
Underfull \vbox (badness 3019) has occurred while \output is active []

 [145]
Overfull \hbox (73.70782pt too wide) in paragraph at lines 1022--1041
[][] 
 []

) ("C:\Users\Owner\Dropbox\Math\Number Theory/Arithmetic_geometry/ag.tex"
Overfull \hbox (11.4665pt too wide) in paragraph at lines 20--21
[]\OT1/cmr/m/n/12 Diophantine ge-om-e-try is about study-ing so-lu-tions of pol
y-no-mi-als $\OML/cmm/m/it/12 F[]; [] ; F[] \OMS/cmsy/m/n/12 2 \OML/cmm/m/it/12
 K\OT1/cmr/m/n/12 [\OML/cmm/m/it/12 x; y; z; []\OT1/cmr/m/n/12 ]$
 []

[146] [147] [148] [149])) (C:\Users\Owner\Dropbox\Math\thread/index_cards.tex
[150]
Chapter 10.
[151

]
Missing character: There is no  in font cmr12!
Missing character: There is no  in font cmr12!
Missing character: There is no  in font cmr12!
 [152]
Missing character: There is no  in font cmr12!
Missing character: There is no  in font cmr12!
Missing character: There is no  in font cmr12!
Missing character: There is no  in font cmr12!
Missing character: There is no  in font cmr12!
Missing character: There is no  in font cmr12!
) [153] [154

]
Chapter 11.
[155]
Overfull \hbox (31.86917pt too wide) in paragraph at lines 291--299
[][]$\OT1/pcr/m/n/12 http : / / www . openproblemgarden . org / op / limiting _
 subsequence _ sums _$
 []


Overfull \hbox (74.0052pt too wide) in paragraph at lines 291--299
$\OT1/pcr/m/n/12 in _ z _ n _ x _ z _ n$[]\OT1/cmr/m/n/12 , []$\OT1/pcr/m/n/12 
http : / / www . openproblemgarden . org / op / quartic _ rationally _$
 []


Overfull \hbox (5.68027pt too wide) in paragraph at lines 291--299
$\OT1/pcr/m/n/12 discrete _ iteration _ related _ to _ pierce _ expansions$[] [
]$http : / / www .$
 []


Overfull \hbox (48.88025pt too wide) in paragraph at lines 291--299
$\OT1/pcr/m/n/12 openproblemgarden . org / op / snevilys _ conjecture$[] []$htt
p : / / en . wikipedia .$
 []


Overfull \hbox (12.88026pt too wide) in paragraph at lines 291--299
$\OT1/pcr/m/n/12 org / wiki / Erd % C5 % 91s _ conjecture$[] []$http : / / en .
 wikipedia . org / wiki /$
 []


Overfull \hbox (10.26918pt too wide) in paragraph at lines 291--299
$\OT1/pcr/m/n/12 Erd % C5 % 91s % E2 % 80 % 93Straus _ conjecture # CITEREFElsh
oltzTao2011$[]
 []


Overfull \hbox (53.46916pt too wide) in paragraph at lines 291--299
[]$\OT1/pcr/m/n/12 http : / / www . openproblemgarden . org / op / erdos _ fabe
r _ lovasz _ conjecture$[]
 []

Missing character: There is no  in font cmr12!
Missing character: There is no  in font cmr12!
Missing character: There is no  in font cmr12!

Overfull \hbox (4.3095pt too wide) in paragraph at lines 313--315
[][]$\OT1/pcr/m/n/12 http : / / statweb . stanford . edu / []cgates / PERSI / p
apers / scho1 . pdf$[] \OT1/cmr/m/n/12 Con-vo-
 []


Overfull \hbox (30.47084pt too wide) in paragraph at lines 313--315
\OT1/cmr/m/n/12 lu-tion $\OMS/cmsy/m/n/12 $$ \OT1/cmr/m/n/12 group ex-pan-sion?
 []$\OT1/pcr/m/n/12 http : / / statweb . stanford . edu / []cgates / PERSI / Co
urses /$
 []

[156]
Chapter 12.

Overfull \hbox (17.46918pt too wide) in paragraph at lines 322--324
[][]$\OT1/pcr/m/n/12 http : / / www . scholarpedia . org / article / Algorithmi
c _ information _$
 []


Overfull \hbox (39.06917pt too wide) in paragraph at lines 334--335
[][]$\OT1/pcr/m/n/12 http : / / en . wikipedia . org / wiki / Pythagorean _ tri
ple # Parent . 2Fchild _$
 []

Missing character: There is no  in font cmr12!
Missing character: There is no  in font cmr12!
Missing character: There is no  in font cmr12!

Overfull \hbox (112.87361pt too wide) in paragraph at lines 352--354
[]\OT1/cmr/m/n/12 Functional anal-y-sis and quan-tum me-chan-ics http://www.phy
sicsforums.com/showthread.php?t=524351 
 []

[157

]
Overfull \hbox (43.01947pt too wide) in paragraph at lines 369--371
[][]$\OT1/pcr/m/n/12 http : / / blog . scholarpedia . org / 2013 / 11 / 04 / wi
kifying-[]scholarly-[]canons/$[] 
 []

(C:\Users\Owner\Dropbox\Math\thread.ind [158] [159


])
Package atveryend Info: Empty hook `BeforeClearDocument' on input line 381.
Package atveryend Info: Empty hook `AfterLastShipout' on input line 381.

(C:\Users\Owner\Dropbox\Math\thread.aux)
Package atveryend Info: Executing hook `AtVeryEndDocument' on input line 381.
Package atveryend Info: Executing hook `AtEndAfterFileList' on input line 381.
Package rerunfilecheck Info: File `thread.out' has not changed.
(rerunfilecheck)             Checksum: 0D2F09D87A5D65ED83CCF1C3E1F91590;9003.


LaTeX Warning: There were undefined references.


LaTeX Warning: There were multiply-defined labels.

Package atveryend Info: Empty hook `AtVeryVeryEnd' on input line 381.
 ) 
Here is how much of TeX's memory you used:
 27045 strings out of 494053
 470762 string characters out of 3146185
 694852 words of memory out of 3000000
 28028 multiletter control sequences out of 15000+200000
 26772 words of font info for 107 fonts, out of 3000000 for 9000
 715 hyphenation exceptions out of 8191
 58i,20n,73p,3281b,1850s stack positions out of 5000i,500n,10000p,200000b,50000s
pdfTeX warning (dest): name{geo/ag/summary} has been referenced but does not 
exist, replaced by a fixed one

{C:/Program Files (x86)/MiKTeX 2.9/fonts/enc/dvips/fontname/8r.enc} <C:\Users\O
wner\AppData\Local\MiKTeX\2.9\fonts\pk\ljfour\public\yhmath\dpi600\yhcmex10.pk>
<C:/Program Files (x86)/MiKTeX 2.9/fonts/type1/public/amsfonts/cm/cmbx12.pfb><C
:/Program Files (x86)/MiKTeX 2.9/fonts/type1/public/amsfonts/cm/cmmi10.pfb><C:/
Program Files (x86)/MiKTeX 2.9/fonts/type1/public/amsfonts/cm/cmmi12.pfb><C:/Pr
ogram Files (x86)/MiKTeX 2.9/fonts/type1/public/amsfonts/cm/cmmi6.pfb><C:/Progr
am Files (x86)/MiKTeX 2.9/fonts/type1/public/amsfonts/cm/cmmi7.pfb><C:/Program 
Files (x86)/MiKTeX 2.9/fonts/type1/public/amsfonts/cm/cmmi8.pfb><C:/Program Fil
es (x86)/MiKTeX 2.9/fonts/type1/public/amsfonts/cm/cmr10.pfb><C:/Program Files 
(x86)/MiKTeX 2.9/fonts/type1/public/amsfonts/cm/cmr12.pfb><C:/Program Files (x8
6)/MiKTeX 2.9/fonts/type1/public/amsfonts/cm/cmr17.pfb><C:/Program Files (x86)/
MiKTeX 2.9/fonts/type1/public/amsfonts/cm/cmr6.pfb><C:/Program Files (x86)/MiKT
eX 2.9/fonts/type1/public/amsfonts/cm/cmr7.pfb><C:/Program Files (x86)/MiKTeX 2
.9/fonts/type1/public/amsfonts/cm/cmr8.pfb><C:/Program Files (x86)/MiKTeX 2.9/f
onts/type1/public/amsfonts/cm/cmsy10.pfb><C:/Program Files (x86)/MiKTeX 2.9/fon
ts/type1/public/amsfonts/cm/cmsy6.pfb><C:/Program Files (x86)/MiKTeX 2.9/fonts/
type1/public/amsfonts/cm/cmsy7.pfb><C:/Program Files (x86)/MiKTeX 2.9/fonts/typ
e1/public/amsfonts/cm/cmsy8.pfb><C:/Program Files (x86)/MiKTeX 2.9/fonts/type1/
public/amsfonts/cm/cmti12.pfb><C:/Program Files (x86)/MiKTeX 2.9/fonts/type1/pu
blic/amsfonts/euler/eufm10.pfb><C:/Program Files (x86)/MiKTeX 2.9/fonts/type1/p
ublic/amsfonts/latxfont/line10.pfb><C:/Program Files (x86)/MiKTeX 2.9/fonts/typ
e1/public/amsfonts/symbols/msam10.pfb><C:/Program Files (x86)/MiKTeX 2.9/fonts/
type1/public/amsfonts/symbols/msbm10.pfb><C:/Program Files (x86)/MiKTeX 2.9/fon
ts/type1/public/amsfonts/symbols/msbm7.pfb><C:/Program Files (x86)/MiKTeX 2.9/f
onts/type1/hoekwater/rsfs/rsfs10.pfb><C:/Users/Owner/AppData/Roaming/MiKTeX/2.9
/fonts/type1/public/hoekwater/stmary10.pfb><C:/Program Files (x86)/MiKTeX 2.9/f
onts/type1/urw/courier/ucrr8a.pfb><C:/Program Files (x86)/MiKTeX 2.9/fonts/type
1/urw/courier/ucrro8a.pfb><C:/Program Files (x86)/MiKTeX 2.9/fonts/type1/public
/xypic/xycmat10.pfb><C:/Program Files (x86)/MiKTeX 2.9/fonts/type1/public/xypic
/xycmbt10.pfb>
Output written on thread.pdf (159 pages, 1179968 bytes).
PDF statistics:
 3203 PDF objects out of 3580 (max. 8388607)
 1491 named destinations out of 1728 (max. 500000)
 1174 words of extra memory for PDF output out of 10000 (max. 10000000)

