\BOOKMARK [1][-]{section.0.1}{Math thoughtstream}{}% 1
\BOOKMARK [1][-]{section.0.2}{What's different}{}% 2
\BOOKMARK [1][-]{section.0.3}{Organization}{}% 3
\BOOKMARK [1][-]{section.0.4}{Contact}{}% 4
\BOOKMARK [0][-]{chapter.1}{Threads organized by date}{}% 5
\BOOKMARK [1][-]{section.1.1}{January 2014}{chapter.1}% 6
\BOOKMARK [1][-]{section.1.2}{February 2014}{chapter.1}% 7
\BOOKMARK [1][-]{section.1.3}{March 2014}{chapter.1}% 8
\BOOKMARK [1][-]{section.1.4}{April 2014}{chapter.1}% 9
\BOOKMARK [1][-]{section.1.5}{May 2014}{chapter.1}% 10
\BOOKMARK [0][-]{chapter.2}{Analysis}{}% 11
\BOOKMARK [1][-]{section.2.1}{Complex}{chapter.2}% 12
\BOOKMARK [1][-]{section.2.2}{Fourier analysis}{chapter.2}% 13
\BOOKMARK [1][-]{section.2.3}{Functional}{chapter.2}% 14
\BOOKMARK [2][-]{subsection.2.3.1}{Riesz Representation}{section.2.3}% 15
\BOOKMARK [2][-]{subsection.2.3.2}{Weak topologies}{section.2.3}% 16
\BOOKMARK [2][-]{subsection.2.3.3}{Spectra}{section.2.3}% 17
\BOOKMARK [3][-]{subsubsection.2.3.3.1}{The case of B\(X\)}{subsection.2.3.3}% 18
\BOOKMARK [2][-]{subsection.2.3.4}{Holomorphic functional calculus, spectral theorem}{section.2.3}% 19
\BOOKMARK [2][-]{subsection.2.3.5}{C*-algebras}{section.2.3}% 20
\BOOKMARK [2][-]{subsection.2.3.6}{Spectral theorem}{section.2.3}% 21
\BOOKMARK [3][-]{subsubsection.2.3.6.1}{Figuring things out}{subsection.2.3.6}% 22
\BOOKMARK [3][-]{subsubsection.2.3.6.2}{Summary of chapter}{subsection.2.3.6}% 23
\BOOKMARK [3][-]{subsubsection.2.3.6.3}{Preparing for infinite dimensions}{subsection.2.3.6}% 24
\BOOKMARK [3][-]{subsubsection.2.3.6.4}{Reading guide}{subsection.2.3.6}% 25
\BOOKMARK [2][-]{subsection.2.3.7}{Problems}{section.2.3}% 26
\BOOKMARK [0][-]{chapter.3}{Combinatorics}{}% 27
\BOOKMARK [1][-]{section.3.1}{Ramsey theory}{chapter.3}% 28
\BOOKMARK [2][-]{subsection.3.1.1}{Examples}{section.3.1}% 29
\BOOKMARK [3][-]{subsubsection.3.1.1.1}{Examples 2}{subsection.3.1.1}% 30
\BOOKMARK [1][-]{section.3.2}{Graph theory}{chapter.3}% 31
\BOOKMARK [2][-]{subsection.3.2.1}{Ramanujan graphs}{section.3.2}% 32
\BOOKMARK [1][-]{section.3.3}{Techniques}{chapter.3}% 33
\BOOKMARK [2][-]{subsection.3.3.1}{LLL}{section.3.3}% 34
\BOOKMARK [2][-]{subsection.3.3.2}{Techniques}{section.3.3}% 35
\BOOKMARK [2][-]{subsection.3.3.3}{Entropy}{section.3.3}% 36
\BOOKMARK [1][-]{section.3.4}{Extremal combinatorics}{chapter.3}% 37
\BOOKMARK [0][-]{chapter.4}{Computation}{}% 38
\BOOKMARK [1][-]{section.4.1}{QIT}{chapter.4}% 39
\BOOKMARK [2][-]{subsection.4.1.1}{Questions}{section.4.1}% 40
\BOOKMARK [2][-]{subsection.4.1.2}{Quantum entropy}{section.4.1}% 41
\BOOKMARK [2][-]{subsection.4.1.3}{Problems}{section.4.1}% 42
\BOOKMARK [3][-]{subsubsection.4.1.3.1}{Examples 2}{subsection.4.1.3}% 43
\BOOKMARK [3][-]{subsubsection.4.1.3.2}{Examples 3}{subsection.4.1.3}% 44
\BOOKMARK [3][-]{subsubsection.4.1.3.3}{Examples 4}{subsection.4.1.3}% 45
\BOOKMARK [1][-]{section.4.2}{Quantum computation}{chapter.4}% 46
\BOOKMARK [2][-]{subsection.4.2.1}{Quantum computing since Democritus}{section.4.2}% 47
\BOOKMARK [1][-]{section.4.3}{Pset 1}{chapter.4}% 48
\BOOKMARK [1][-]{section.4.4}{Unsorted}{chapter.4}% 49
\BOOKMARK [0][-]{chapter.5}{Geometry}{}% 50
\BOOKMARK [1][-]{subsection.5.0.1}{Riemannian geometry}{chapter.5}% 51
\BOOKMARK [1][-]{section.5.1}{Algebraic geometry}{chapter.5}% 52
\BOOKMARK [2][-]{subsection.5.1.1}{Sheaves}{section.5.1}% 53
\BOOKMARK [2][-]{subsection.5.1.2}{Schemes}{section.5.1}% 54
\BOOKMARK [2][-]{subsection.5.1.3}{Properties of schemes}{section.5.1}% 55
\BOOKMARK [2][-]{subsection.5.1.4}{Properties of morphisms}{section.5.1}% 56
\BOOKMARK [0][-]{chapter.6}{Probability}{}% 57
\BOOKMARK [1][-]{section.6.1}{Probability}{chapter.6}% 58
\BOOKMARK [2][-]{subsection.6.1.1}{Measure theory review and basic probability}{section.6.1}% 59
\BOOKMARK [3][-]{subsubsection.6.1.1.1}{Measure theory}{subsection.6.1.1}% 60
\BOOKMARK [2][-]{subsection.6.1.2}{Laws of large numbers and Central Limit}{section.6.1}% 61
\BOOKMARK [3][-]{subsubsection.6.1.2.1}{Laws of large numbers}{subsection.6.1.2}% 62
\BOOKMARK [3][-]{subsubsection.6.1.2.2}{Large deviations}{subsection.6.1.2}% 63
\BOOKMARK [3][-]{subsubsection.6.1.2.3}{Central limit theorem}{subsection.6.1.2}% 64
\BOOKMARK [2][-]{subsection.6.1.3}{Martingales}{section.6.1}% 65
\BOOKMARK [3][-]{subsubsection.6.1.3.1}{Conditional expectation}{subsection.6.1.3}% 66
\BOOKMARK [2][-]{subsection.6.1.4}{Problems}{section.6.1}% 67
\BOOKMARK [2][-]{subsection.6.1.5}{Talks}{section.6.1}% 68
\BOOKMARK [1][-]{section.6.2}{Percolation}{chapter.6}% 69
\BOOKMARK [2][-]{subsection.6.2.1}{Examples 1}{section.6.2}% 70
\BOOKMARK [0][-]{chapter.7}{Statistics}{}% 71
\BOOKMARK [1][-]{section.7.1}{Statistics of networks}{chapter.7}% 72
\BOOKMARK [0][-]{chapter.8}{Logic and category theory}{}% 73
\BOOKMARK [1][-]{section.8.1}{Logic}{chapter.8}% 74
\BOOKMARK [2][-]{subsection.8.1.1}{G\366del Incompleteness Theorem}{section.8.1}% 75
\BOOKMARK [2][-]{subsection.8.1.2}{Self-reference}{section.8.1}% 76
\BOOKMARK [2][-]{subsection.8.1.3}{Undefinability of truth}{section.8.1}% 77
\BOOKMARK [2][-]{subsection.8.1.4}{Example class 1}{section.8.1}% 78
\BOOKMARK [1][-]{section.8.2}{Topos theory}{chapter.8}% 79
\BOOKMARK [2][-]{subsection.8.2.1}{Cartesian closed categories}{section.8.2}% 80
\BOOKMARK [0][-]{chapter.9}{Number theory}{}% 81
\BOOKMARK [1][-]{section.9.1}{Algebraic number theory}{chapter.9}% 82
\BOOKMARK [2][-]{subsection.9.1.1}{Analytic algebraic number theory}{section.9.1}% 83
\BOOKMARK [2][-]{subsection.9.1.2}{Class field theory}{section.9.1}% 84
\BOOKMARK [3][-]{subsubsection.9.1.2.1}{Problems}{subsection.9.1.2}% 85
\BOOKMARK [1][-]{section.9.2}{Analytic number theory}{chapter.9}% 86
\BOOKMARK [1][-]{section.9.3}{Elliptic curves}{chapter.9}% 87
\BOOKMARK [2][-]{subsection.9.3.1}{Questions}{section.9.3}% 88
\BOOKMARK [2][-]{subsection.9.3.2}{EC}{section.9.3}% 89
\BOOKMARK [2][-]{subsection.9.3.3}{Descent by cyclic isogeny}{section.9.3}% 90
\BOOKMARK [2][-]{subsection.9.3.4}{Revision notes}{section.9.3}% 91
\BOOKMARK [2][-]{subsection.9.3.5}{PSet 2}{section.9.3}% 92
\BOOKMARK [2][-]{subsection.9.3.6}{PSet 3}{section.9.3}% 93
\BOOKMARK [2][-]{subsection.9.3.7}{PSet 4}{section.9.3}% 94
\BOOKMARK [1][-]{section.9.4}{Arithmetic combinatorics}{chapter.9}% 95
\BOOKMARK [2][-]{subsection.9.4.1}{Weyl equidistribution}{section.9.4}% 96
\BOOKMARK [3][-]{subsubsection.9.4.1.1}{Weyl equidistribution}{subsection.9.4.1}% 97
\BOOKMARK [3][-]{subsubsection.9.4.1.2}{Polynomials are equidistributed, take 1}{subsection.9.4.1}% 98
\BOOKMARK [3][-]{subsubsection.9.4.1.3}{Weyl's exponential sums and quantitative bounds}{subsection.9.4.1}% 99
\BOOKMARK [3][-]{subsubsection.9.4.1.4}{Estimates for summing e\(x+\)}{subsection.9.4.1}% 100
\BOOKMARK [3][-]{subsubsection.9.4.1.5}{Putting it all together: Weyl's inequality implies equidistribution of P\(n\).}{subsection.9.4.1}% 101
\BOOKMARK [2][-]{subsection.9.4.2}{Frieman's Theorem}{section.9.4}% 102
\BOOKMARK [2][-]{subsection.9.4.3}{Szemer\351di's Theorem for n=4}{section.9.4}% 103
\BOOKMARK [2][-]{subsection.9.4.4}{Example sheet 2}{section.9.4}% 104
\BOOKMARK [1][-]{section.9.5}{Arithmetic geometry}{chapter.9}% 105
\BOOKMARK [2][-]{subsection.9.5.1}{Rational points on varieties: Introduction}{section.9.5}% 106
\BOOKMARK [1][-]{section.9.6}{Algebraic methods in incidence theory}{chapter.9}% 107
\BOOKMARK [2][-]{subsection.9.6.1}{Example sheet 1}{section.9.6}% 108
\BOOKMARK [0][-]{chapter.10}{Index cards}{}% 109
\BOOKMARK [1][-]{section.10.1}{Directory of current index cards}{chapter.10}% 110
\BOOKMARK [2][-]{subsection.10.1.1}{Algebra}{section.10.1}% 111
\BOOKMARK [2][-]{subsection.10.1.2}{Analysis}{section.10.1}% 112
\BOOKMARK [2][-]{subsection.10.1.3}{Applied}{section.10.1}% 113
\BOOKMARK [2][-]{subsection.10.1.4}{Combinatorics}{section.10.1}% 114
\BOOKMARK [2][-]{subsection.10.1.5}{Computation}{section.10.1}% 115
\BOOKMARK [2][-]{subsection.10.1.6}{Numerical analysis}{section.10.1}% 116
\BOOKMARK [2][-]{subsection.10.1.7}{Number theory}{section.10.1}% 117
\BOOKMARK [2][-]{subsection.10.1.8}{Probability}{section.10.1}% 118
\BOOKMARK [1][-]{section.10.2}{To make}{chapter.10}% 119
\BOOKMARK [2][-]{subsection.10.2.1}{Algebra}{section.10.2}% 120
\BOOKMARK [2][-]{subsection.10.2.2}{Analysis}{section.10.2}% 121
\BOOKMARK [2][-]{subsection.10.2.3}{Applied}{section.10.2}% 122
\BOOKMARK [2][-]{subsection.10.2.4}{Combinatorics}{section.10.2}% 123
\BOOKMARK [2][-]{subsection.10.2.5}{Geometry}{section.10.2}% 124
\BOOKMARK [2][-]{subsection.10.2.6}{Number theory}{section.10.2}% 125
\BOOKMARK [0][-]{chapter.11}{Questions}{}% 126
\BOOKMARK [1][-]{section.11.1}{Interesting questions}{chapter.11}% 127
\BOOKMARK [1][-]{section.11.2}{Research questions}{chapter.11}% 128
\BOOKMARK [1][-]{section.11.3}{Things I'm interested in}{chapter.11}% 129
\BOOKMARK [0][-]{chapter.12}{To read}{}% 130
