\BOOKMARK [1][-]{section.1}{Wed. 2/2/2011}{}
\BOOKMARK [2][-]{subsection.1.1}{Riemann integration}{section.1}
\BOOKMARK [1][-]{section.2}{Fri. 2/4/2011}{}
\BOOKMARK [2][-]{subsection.2.1}{Riemann integrability}{section.2}
\BOOKMARK [2][-]{subsection.2.2}{Riemann-Stieltjes integral}{section.2}
\BOOKMARK [1][-]{section.3}{Mon. 2/7/2011}{}
\BOOKMARK [2][-]{subsection.3.1}{Integration by parts}{section.3}
\BOOKMARK [2][-]{subsection.3.2}{Riemann-Stieltjes integrability}{section.3}
\BOOKMARK [2][-]{subsection.3.3}{Variation}{section.3}
\BOOKMARK [1][-]{section.4}{Wed. 2/9/2011}{}
\BOOKMARK [2][-]{subsection.4.1}{Functions of Bounded Variation}{section.4}
\BOOKMARK [2][-]{subsection.4.2}{Convergence rate}{section.4}
\BOOKMARK [2][-]{subsection.4.3}{Lebesgue integration: Motivation}{section.4}
\BOOKMARK [1][-]{section.5}{Fri. 2/11/2011}{}
\BOOKMARK [2][-]{subsection.5.1}{Measure}{section.5}
\BOOKMARK [2][-]{subsection.5.2}{Basic results}{section.5}
\BOOKMARK [1][-]{section.6}{Mon. 2/14/2011}{}
\BOOKMARK [2][-]{subsection.6.1}{More on -algebras}{section.6}
\BOOKMARK [1][-]{section.7}{Wed. 2/16/2011}{}
\BOOKMARK [2][-]{subsection.7.1}{Constructing measures}{section.7}
\BOOKMARK [1][-]{section.8}{Fri. 2/18/2011}{}
\BOOKMARK [2][-]{subsection.8.1}{Constructing measures, continued}{section.8}
\BOOKMARK [1][-]{section.9}{Tue. 2/22/2011}{}
\BOOKMARK [2][-]{subsection.9.1}{Uniqueness}{section.9}
\BOOKMARK [2][-]{subsection.9.2}{Invariance of measure}{section.9}
\BOOKMARK [1][-]{section.10}{Wed. 2/23/2011}{}
\BOOKMARK [2][-]{subsection.10.1}{Some cool stuff}{section.10}
\BOOKMARK [2][-]{subsection.10.2}{Probability measures}{section.10}
\BOOKMARK [1][-]{section.11}{Fri. 2/25/2011}{}
\BOOKMARK [2][-]{subsection.11.1}{Bernoulli measure}{section.11}
\BOOKMARK [1][-]{section.12}{Mon. 2/28/2011}{}
\BOOKMARK [2][-]{subsection.12.1}{Lebesgue Integration}{section.12}
\BOOKMARK [1][-]{section.13}{Wed. 3/2/2011}{}
\BOOKMARK [2][-]{subsection.13.1}{Lebesgue Integration}{section.13}
\BOOKMARK [1][-]{section.14}{Fri. 3/4/2011}{}
\BOOKMARK [2][-]{subsection.14.1}{Convergence Theorems}{section.14}
\BOOKMARK [1][-]{section.15}{Mon. 3/7/11}{}
\BOOKMARK [2][-]{subsection.15.1}{Lebesgue dominated convergence}{section.15}
\BOOKMARK [2][-]{subsection.15.2}{Convergence in -measure}{section.15}
\BOOKMARK [1][-]{section.16}{Wed. 3/9/11}{}
\BOOKMARK [2][-]{subsection.16.1}{Convergence}{section.16}
\BOOKMARK [1][-]{section.17}{Fri. 3/11/11}{}
\BOOKMARK [2][-]{subsection.17.1}{Sunrise Lemma}{section.17}
\BOOKMARK [2][-]{subsection.17.2}{Lebesgue's differentiation theorem}{section.17}
\BOOKMARK [1][-]{section.18}{Mon. 3/14/11}{}
\BOOKMARK [2][-]{subsection.18.1}{Lebesgue's differentiation theorem}{section.18}
\BOOKMARK [1][-]{section.19}{Wed. 3/16/11}{}
\BOOKMARK [2][-]{subsection.19.1}{Product measures}{section.19}
\BOOKMARK [1][-]{section.20}{Fri. 3/18/11}{}
\BOOKMARK [2][-]{subsection.20.1}{Isodiametric inequality}{section.20}
\BOOKMARK [2][-]{subsection.20.2}{Hausdorff's construction}{section.20}
\BOOKMARK [1][-]{section.21}{Mon. 3/28/11}{}
\BOOKMARK [2][-]{subsection.21.1}{Change of variables}{section.21}
\BOOKMARK [2][-]{subsection.21.2}{Polar coordinates}{section.21}
\BOOKMARK [1][-]{section.22}{Wed. 3/30/11}{}
\BOOKMARK [2][-]{subsection.22.1}{Change of variables}{section.22}
\BOOKMARK [1][-]{section.23}{Fri. 4/1/11}{}
\BOOKMARK [2][-]{subsection.23.1}{Polar coordinates}{section.23}
\BOOKMARK [2][-]{subsection.23.2}{Surface measure}{section.23}
\BOOKMARK [1][-]{section.24}{Mon. 4/4/11}{}
\BOOKMARK [2][-]{subsection.24.1}{Surface measure}{section.24}
\BOOKMARK [1][-]{section.25}{Wed. 4/6/11}{}
\BOOKMARK [2][-]{subsection.25.1}{Divergence}{section.25}
\BOOKMARK [1][-]{section.26}{Fri. 4/8/11}{}
\BOOKMARK [2][-]{subsection.26.1}{Jensen's inequality}{section.26}
\BOOKMARK [1][-]{section.27}{Mon. 4/11/11}{}
\BOOKMARK [2][-]{subsection.27.1}{Lebesgue spaces}{section.27}
\BOOKMARK [1][-]{section.28}{Wed. 4/13/11}{}
\BOOKMARK [2][-]{subsection.28.1}{Inequalities, continued}{section.28}
\BOOKMARK [2][-]{subsection.28.2}{Mixed Lebesgue spaces}{section.28}
\BOOKMARK [1][-]{section.29}{Fri. 4/15/11}{}
\BOOKMARK [2][-]{subsection.29.1}{Transformations on Lebesgue Spaces}{section.29}
\BOOKMARK [1][-]{section.30}{Wed. 4/20/11}{}
\BOOKMARK [2][-]{subsection.30.1}{Convolution}{section.30}
\BOOKMARK [1][-]{section.31}{Fri. 4/22/11}{}
\BOOKMARK [2][-]{subsection.31.1}{Hilbert spaces}{section.31}
\BOOKMARK [1][-]{section.32}{Mon. 4/25/11}{}
\BOOKMARK [2][-]{subsection.32.1}{Hilbert spaces}{section.32}
\BOOKMARK [1][-]{section.33}{Wed. 4/27/11}{}
\BOOKMARK [2][-]{subsection.33.1}{Fourier Series}{section.33}
\BOOKMARK [1][-]{section.34}{Fri. 4/29/11}{}
\BOOKMARK [2][-]{subsection.34.1}{Fourier Transform, L1}{section.34}
\BOOKMARK [2][-]{subsection.34.2}{Fourier Transform, L2}{section.34}
\BOOKMARK [1][-]{section.35}{Mon. 5/2/11}{}
\BOOKMARK [2][-]{subsection.35.1}{Fourier transform on L2}{section.35}
\BOOKMARK [1][-]{section.36}{Wed. 5/4/11}{}
\BOOKMARK [2][-]{subsection.36.1}{}{section.36}
\BOOKMARK [2][-]{subsection.36.2}{Radon-Nikodym}{section.36}
\BOOKMARK [1][-]{section.37}{Fri. 5/6/11}{}
\BOOKMARK [2][-]{subsection.37.1}{}{section.37}
\BOOKMARK [2][-]{subsection.37.2}{Daniell integration}{section.37}
\BOOKMARK [1][-]{section.38}{Mon. 5/9/11}{}
\BOOKMARK [1][-]{section.39}{Wed. 5/11/11}{}
\BOOKMARK [2][-]{subsection.39.1}{Caratheodory}{section.39}
